Discrepancy Report Results

Summary
FATAL: MISSING_PROTEIN_ID:4 proteins have invalid IDs.
DISC_SOURCE_QUALS_ASNDISC:strain (all present, all unique)
DISC_SOURCE_QUALS_ASNDISC:taxname (all present, all unique)
DISC_FEATURE_COUNT:CDS: 4 present
DISC_FEATURE_COUNT:tRNA: 4 present
DISC_COUNT_NUCLEOTIDES:1 nucleotide Bioseqs are present
FEATURE_LOCATION_CONFLICT:8 features have inconsistent gene locations.
DISC_QUALITY_SCORES:Quality scores are missing on all sequences.
ONCALLER_COMMENT_PRESENT:1 comment descriptors were found (all same)
MISSING_GENOMEASSEMBLY_COMMENTS:1 bioseqs are missing GenomeAssembly structured comments
MOLTYPE_NOT_MRNA:1 molecule types are not set as mRNA.
TECHNIQUE_NOT_TSA:1 technique are not set as TSA
MISSING_STRUCTURED_COMMENT:1 sequences do not include structured comments.
MISSING_PROJECT:5 sequences do not include project.
DISC_INCONSISTENT_MOLINFO_TECH:Molinfo Technique Report (some missing, all same)


Detailed Report

FATAL: DiscRep_ALL:MISSING_PROTEIN_ID::4 proteins have invalid IDs.
/home/asus/Desktop/CHRF_Project/Problem_Solving_of_Colleagues_and_thesis_students/Qurratul_thesis_student/Shuvo_bhaiya_to_run_prokka/10_shotgun_hvkp/Prokka_result/NZ_JBAMCA010000033_prokka/NZ_JBAMCA010000033:NZ_JBAMCA010000033.1_1 (length 369)
/home/asus/Desktop/CHRF_Project/Problem_Solving_of_Colleagues_and_thesis_students/Qurratul_thesis_student/Shuvo_bhaiya_to_run_prokka/10_shotgun_hvkp/Prokka_result/NZ_JBAMCA010000033_prokka/NZ_JBAMCA010000033:NZ_JBAMCA010000033.1_2 (length 308)
/home/asus/Desktop/CHRF_Project/Problem_Solving_of_Colleagues_and_thesis_students/Qurratul_thesis_student/Shuvo_bhaiya_to_run_prokka/10_shotgun_hvkp/Prokka_result/NZ_JBAMCA010000033_prokka/NZ_JBAMCA010000033:NZ_JBAMCA010000033.1_3 (length 320)
/home/asus/Desktop/CHRF_Project/Problem_Solving_of_Colleagues_and_thesis_students/Qurratul_thesis_student/Shuvo_bhaiya_to_run_prokka/10_shotgun_hvkp/Prokka_result/NZ_JBAMCA010000033_prokka/NZ_JBAMCA010000033:NZ_JBAMCA010000033.1_4 (length 342)

DiscRep_ALL:DISC_SOURCE_QUALS_ASNDISC::strain (all present, all unique)
DiscRep_SUB:DISC_SOURCE_QUALS_ASNDISC::1 sources have unique values for strain
DiscRep_ALL:DISC_SOURCE_QUALS_ASNDISC::taxname (all present, all unique)
DiscRep_SUB:DISC_SOURCE_QUALS_ASNDISC::1 sources have unique values for taxname
DiscRep_ALL:DISC_FEATURE_COUNT::CDS: 4 present
DiscRep_ALL:DISC_FEATURE_COUNT::tRNA: 4 present
DiscRep_ALL:DISC_COUNT_NUCLEOTIDES::1 nucleotide Bioseqs are present
/home/asus/Desktop/CHRF_Project/Problem_Solving_of_Colleagues_and_thesis_students/Qurratul_thesis_student/Shuvo_bhaiya_to_run_prokka/10_shotgun_hvkp/Prokka_result/NZ_JBAMCA010000033_prokka/NZ_JBAMCA010000033:NZ_JBAMCA010000033.1 (length 5470)

DiscRep_ALL:FEATURE_LOCATION_CONFLICT::8 features have inconsistent gene locations.
DiscRep_SUB:FEATURE_LOCATION_CONFLICT::Coding region xref gene does not exist
/home/asus/Desktop/CHRF_Project/Problem_Solving_of_Colleagues_and_thesis_students/Qurratul_thesis_student/Shuvo_bhaiya_to_run_prokka/10_shotgun_hvkp/Prokka_result/NZ_JBAMCA010000033_prokka/NZ_JBAMCA010000033:CDS	hypothetical protein	NZ_JBAMCA010000033.1:48-1157	NZ_JBAMCA010000033_00001

DiscRep_SUB:FEATURE_LOCATION_CONFLICT::Coding region xref gene does not exist
/home/asus/Desktop/CHRF_Project/Problem_Solving_of_Colleagues_and_thesis_students/Qurratul_thesis_student/Shuvo_bhaiya_to_run_prokka/10_shotgun_hvkp/Prokka_result/NZ_JBAMCA010000033_prokka/NZ_JBAMCA010000033:CDS	Pantothenate kinase	NZ_JBAMCA010000033.1:2152-3078	NZ_JBAMCA010000033_00006

DiscRep_SUB:FEATURE_LOCATION_CONFLICT::Coding region xref gene does not exist
/home/asus/Desktop/CHRF_Project/Problem_Solving_of_Colleagues_and_thesis_students/Qurratul_thesis_student/Shuvo_bhaiya_to_run_prokka/10_shotgun_hvkp/Prokka_result/NZ_JBAMCA010000033_prokka/NZ_JBAMCA010000033:CDS	Bifunctional ligase/repressor BirA	NZ_JBAMCA010000033.1:c4066-3104	NZ_JBAMCA010000033_00007

DiscRep_SUB:FEATURE_LOCATION_CONFLICT::Coding region xref gene does not exist
/home/asus/Desktop/CHRF_Project/Problem_Solving_of_Colleagues_and_thesis_students/Qurratul_thesis_student/Shuvo_bhaiya_to_run_prokka/10_shotgun_hvkp/Prokka_result/NZ_JBAMCA010000033_prokka/NZ_JBAMCA010000033:CDS	UDP-N-acetylenolpyruvoylglucosamine reductase	NZ_JBAMCA010000033.1:c5091-4063	NZ_JBAMCA010000033_00008

DiscRep_SUB:FEATURE_LOCATION_CONFLICT::RNA feature xref gene does not exist
/home/asus/Desktop/CHRF_Project/Problem_Solving_of_Colleagues_and_thesis_students/Qurratul_thesis_student/Shuvo_bhaiya_to_run_prokka/10_shotgun_hvkp/Prokka_result/NZ_JBAMCA010000033_prokka/NZ_JBAMCA010000033:tRNA	Thr	NZ_JBAMCA010000033.1:c1333-1258	NZ_JBAMCA010000033_00002

DiscRep_SUB:FEATURE_LOCATION_CONFLICT::RNA feature xref gene does not exist
/home/asus/Desktop/CHRF_Project/Problem_Solving_of_Colleagues_and_thesis_students/Qurratul_thesis_student/Shuvo_bhaiya_to_run_prokka/10_shotgun_hvkp/Prokka_result/NZ_JBAMCA010000033_prokka/NZ_JBAMCA010000033:tRNA	Gly	NZ_JBAMCA010000033.1:c1413-1339	NZ_JBAMCA010000033_00003

DiscRep_SUB:FEATURE_LOCATION_CONFLICT::RNA feature xref gene does not exist
/home/asus/Desktop/CHRF_Project/Problem_Solving_of_Colleagues_and_thesis_students/Qurratul_thesis_student/Shuvo_bhaiya_to_run_prokka/10_shotgun_hvkp/Prokka_result/NZ_JBAMCA010000033_prokka/NZ_JBAMCA010000033:tRNA	Tyr	NZ_JBAMCA010000033.1:c1613-1529	NZ_JBAMCA010000033_00004

DiscRep_SUB:FEATURE_LOCATION_CONFLICT::RNA feature xref gene does not exist
/home/asus/Desktop/CHRF_Project/Problem_Solving_of_Colleagues_and_thesis_students/Qurratul_thesis_student/Shuvo_bhaiya_to_run_prokka/10_shotgun_hvkp/Prokka_result/NZ_JBAMCA010000033_prokka/NZ_JBAMCA010000033:tRNA	Thr	NZ_JBAMCA010000033.1:c1699-1624	NZ_JBAMCA010000033_00005

DiscRep_ALL:DISC_QUALITY_SCORES::Quality scores are missing on all sequences.

DiscRep_ALL:ONCALLER_COMMENT_PRESENT::1 comment descriptors were found (all same)
/home/asus/Desktop/CHRF_Project/Problem_Solving_of_Colleagues_and_thesis_students/Qurratul_thesis_student/Shuvo_bhaiya_to_run_prokka/10_shotgun_hvkp/Prokka_result/NZ_JBAMCA010000033_prokka/NZ_JBAMCA010000033:NZ_JBAMCA010000033.1:Annotated using prokka 1.14.6 from https://github.com/tseemann/prokka

DiscRep_ALL:MISSING_GENOMEASSEMBLY_COMMENTS::1 bioseqs are missing GenomeAssembly structured comments
/home/asus/Desktop/CHRF_Project/Problem_Solving_of_Colleagues_and_thesis_students/Qurratul_thesis_student/Shuvo_bhaiya_to_run_prokka/10_shotgun_hvkp/Prokka_result/NZ_JBAMCA010000033_prokka/NZ_JBAMCA010000033:NZ_JBAMCA010000033.1 (length 5470)

DiscRep_ALL:MOLTYPE_NOT_MRNA::1 molecule types are not set as mRNA.
/home/asus/Desktop/CHRF_Project/Problem_Solving_of_Colleagues_and_thesis_students/Qurratul_thesis_student/Shuvo_bhaiya_to_run_prokka/10_shotgun_hvkp/Prokka_result/NZ_JBAMCA010000033_prokka/NZ_JBAMCA010000033:NZ_JBAMCA010000033.1 (length 5470)

DiscRep_ALL:TECHNIQUE_NOT_TSA::1 technique are not set as TSA
/home/asus/Desktop/CHRF_Project/Problem_Solving_of_Colleagues_and_thesis_students/Qurratul_thesis_student/Shuvo_bhaiya_to_run_prokka/10_shotgun_hvkp/Prokka_result/NZ_JBAMCA010000033_prokka/NZ_JBAMCA010000033:NZ_JBAMCA010000033.1 (length 5470)

DiscRep_ALL:MISSING_STRUCTURED_COMMENT::1 sequences do not include structured comments.
/home/asus/Desktop/CHRF_Project/Problem_Solving_of_Colleagues_and_thesis_students/Qurratul_thesis_student/Shuvo_bhaiya_to_run_prokka/10_shotgun_hvkp/Prokka_result/NZ_JBAMCA010000033_prokka/NZ_JBAMCA010000033:NZ_JBAMCA010000033.1 (length 5470)

DiscRep_ALL:MISSING_PROJECT::5 sequences do not include project.
/home/asus/Desktop/CHRF_Project/Problem_Solving_of_Colleagues_and_thesis_students/Qurratul_thesis_student/Shuvo_bhaiya_to_run_prokka/10_shotgun_hvkp/Prokka_result/NZ_JBAMCA010000033_prokka/NZ_JBAMCA010000033:NZ_JBAMCA010000033.1 (length 5470)
/home/asus/Desktop/CHRF_Project/Problem_Solving_of_Colleagues_and_thesis_students/Qurratul_thesis_student/Shuvo_bhaiya_to_run_prokka/10_shotgun_hvkp/Prokka_result/NZ_JBAMCA010000033_prokka/NZ_JBAMCA010000033:NZ_JBAMCA010000033.1_1 (length 369)
/home/asus/Desktop/CHRF_Project/Problem_Solving_of_Colleagues_and_thesis_students/Qurratul_thesis_student/Shuvo_bhaiya_to_run_prokka/10_shotgun_hvkp/Prokka_result/NZ_JBAMCA010000033_prokka/NZ_JBAMCA010000033:NZ_JBAMCA010000033.1_2 (length 308)
/home/asus/Desktop/CHRF_Project/Problem_Solving_of_Colleagues_and_thesis_students/Qurratul_thesis_student/Shuvo_bhaiya_to_run_prokka/10_shotgun_hvkp/Prokka_result/NZ_JBAMCA010000033_prokka/NZ_JBAMCA010000033:NZ_JBAMCA010000033.1_3 (length 320)
/home/asus/Desktop/CHRF_Project/Problem_Solving_of_Colleagues_and_thesis_students/Qurratul_thesis_student/Shuvo_bhaiya_to_run_prokka/10_shotgun_hvkp/Prokka_result/NZ_JBAMCA010000033_prokka/NZ_JBAMCA010000033:NZ_JBAMCA010000033.1_4 (length 342)

DiscRep_ALL:DISC_INCONSISTENT_MOLINFO_TECH::Molinfo Technique Report (some missing, all same)
DiscRep_SUB:DISC_INCONSISTENT_MOLINFO_TECH::technique (all missing)
DiscRep_SUB:DISC_INCONSISTENT_MOLINFO_TECH::1 Molinfos are missing field technique
/home/asus/Desktop/CHRF_Project/Problem_Solving_of_Colleagues_and_thesis_students/Qurratul_thesis_student/Shuvo_bhaiya_to_run_prokka/10_shotgun_hvkp/Prokka_result/NZ_JBAMCA010000033_prokka/NZ_JBAMCA010000033:NZ_JBAMCA010000033.1 (length 5470)

