Discrepancy Report Results

Summary
FATAL: MISSING_PROTEIN_ID:15 proteins have invalid IDs.
DISC_SOURCE_QUALS_ASNDISC:strain (all present, all unique)
DISC_SOURCE_QUALS_ASNDISC:taxname (all present, all unique)
DISC_FEATURE_COUNT:CDS: 15 present
DISC_COUNT_NUCLEOTIDES:1 nucleotide Bioseqs are present
FEATURE_LOCATION_CONFLICT:15 features have inconsistent gene locations.
OVERLAPPING_CDS:2 coding regions overlap another coding region with a similar or identical name.
DISC_QUALITY_SCORES:Quality scores are missing on all sequences.
ONCALLER_COMMENT_PRESENT:1 comment descriptors were found (all same)
MISSING_GENOMEASSEMBLY_COMMENTS:1 bioseqs are missing GenomeAssembly structured comments
MOLTYPE_NOT_MRNA:1 molecule types are not set as mRNA.
TECHNIQUE_NOT_TSA:1 technique are not set as TSA
MISSING_STRUCTURED_COMMENT:1 sequences do not include structured comments.
MISSING_PROJECT:16 sequences do not include project.
DISC_INCONSISTENT_MOLINFO_TECH:Molinfo Technique Report (some missing, all same)


Detailed Report

FATAL: DiscRep_ALL:MISSING_PROTEIN_ID::15 proteins have invalid IDs.
/home/asus/Desktop/CHRF_Project/Problem_Solving_of_Colleagues_and_thesis_students/Qurratul_thesis_student/Shuvo_bhaiya_to_run_prokka/10_shotgun_hvkp/Prokka_result/NZ_JBAMCA010000027_prokka/NZ_JBAMCA010000027:NZ_JBAMCA010000027.1_1 (length 299)
/home/asus/Desktop/CHRF_Project/Problem_Solving_of_Colleagues_and_thesis_students/Qurratul_thesis_student/Shuvo_bhaiya_to_run_prokka/10_shotgun_hvkp/Prokka_result/NZ_JBAMCA010000027_prokka/NZ_JBAMCA010000027:NZ_JBAMCA010000027.1_2 (length 186)
/home/asus/Desktop/CHRF_Project/Problem_Solving_of_Colleagues_and_thesis_students/Qurratul_thesis_student/Shuvo_bhaiya_to_run_prokka/10_shotgun_hvkp/Prokka_result/NZ_JBAMCA010000027_prokka/NZ_JBAMCA010000027:NZ_JBAMCA010000027.1_3 (length 288)
/home/asus/Desktop/CHRF_Project/Problem_Solving_of_Colleagues_and_thesis_students/Qurratul_thesis_student/Shuvo_bhaiya_to_run_prokka/10_shotgun_hvkp/Prokka_result/NZ_JBAMCA010000027_prokka/NZ_JBAMCA010000027:NZ_JBAMCA010000027.1_4 (length 269)
/home/asus/Desktop/CHRF_Project/Problem_Solving_of_Colleagues_and_thesis_students/Qurratul_thesis_student/Shuvo_bhaiya_to_run_prokka/10_shotgun_hvkp/Prokka_result/NZ_JBAMCA010000027_prokka/NZ_JBAMCA010000027:NZ_JBAMCA010000027.1_5 (length 275)
/home/asus/Desktop/CHRF_Project/Problem_Solving_of_Colleagues_and_thesis_students/Qurratul_thesis_student/Shuvo_bhaiya_to_run_prokka/10_shotgun_hvkp/Prokka_result/NZ_JBAMCA010000027_prokka/NZ_JBAMCA010000027:NZ_JBAMCA010000027.1_6 (length 286)
/home/asus/Desktop/CHRF_Project/Problem_Solving_of_Colleagues_and_thesis_students/Qurratul_thesis_student/Shuvo_bhaiya_to_run_prokka/10_shotgun_hvkp/Prokka_result/NZ_JBAMCA010000027_prokka/NZ_JBAMCA010000027:NZ_JBAMCA010000027.1_7 (length 273)
/home/asus/Desktop/CHRF_Project/Problem_Solving_of_Colleagues_and_thesis_students/Qurratul_thesis_student/Shuvo_bhaiya_to_run_prokka/10_shotgun_hvkp/Prokka_result/NZ_JBAMCA010000027_prokka/NZ_JBAMCA010000027:NZ_JBAMCA010000027.1_8 (length 304)
/home/asus/Desktop/CHRF_Project/Problem_Solving_of_Colleagues_and_thesis_students/Qurratul_thesis_student/Shuvo_bhaiya_to_run_prokka/10_shotgun_hvkp/Prokka_result/NZ_JBAMCA010000027_prokka/NZ_JBAMCA010000027:NZ_JBAMCA010000027.1_9 (length 650)
/home/asus/Desktop/CHRF_Project/Problem_Solving_of_Colleagues_and_thesis_students/Qurratul_thesis_student/Shuvo_bhaiya_to_run_prokka/10_shotgun_hvkp/Prokka_result/NZ_JBAMCA010000027_prokka/NZ_JBAMCA010000027:NZ_JBAMCA010000027.1_10 (length 283)
/home/asus/Desktop/CHRF_Project/Problem_Solving_of_Colleagues_and_thesis_students/Qurratul_thesis_student/Shuvo_bhaiya_to_run_prokka/10_shotgun_hvkp/Prokka_result/NZ_JBAMCA010000027_prokka/NZ_JBAMCA010000027:NZ_JBAMCA010000027.1_11 (length 448)
/home/asus/Desktop/CHRF_Project/Problem_Solving_of_Colleagues_and_thesis_students/Qurratul_thesis_student/Shuvo_bhaiya_to_run_prokka/10_shotgun_hvkp/Prokka_result/NZ_JBAMCA010000027_prokka/NZ_JBAMCA010000027:NZ_JBAMCA010000027.1_12 (length 340)
/home/asus/Desktop/CHRF_Project/Problem_Solving_of_Colleagues_and_thesis_students/Qurratul_thesis_student/Shuvo_bhaiya_to_run_prokka/10_shotgun_hvkp/Prokka_result/NZ_JBAMCA010000027_prokka/NZ_JBAMCA010000027:NZ_JBAMCA010000027.1_13 (length 111)
/home/asus/Desktop/CHRF_Project/Problem_Solving_of_Colleagues_and_thesis_students/Qurratul_thesis_student/Shuvo_bhaiya_to_run_prokka/10_shotgun_hvkp/Prokka_result/NZ_JBAMCA010000027_prokka/NZ_JBAMCA010000027:NZ_JBAMCA010000027.1_14 (length 394)
/home/asus/Desktop/CHRF_Project/Problem_Solving_of_Colleagues_and_thesis_students/Qurratul_thesis_student/Shuvo_bhaiya_to_run_prokka/10_shotgun_hvkp/Prokka_result/NZ_JBAMCA010000027_prokka/NZ_JBAMCA010000027:NZ_JBAMCA010000027.1_15 (length 84)

DiscRep_ALL:DISC_SOURCE_QUALS_ASNDISC::strain (all present, all unique)
DiscRep_SUB:DISC_SOURCE_QUALS_ASNDISC::1 sources have unique values for strain
DiscRep_ALL:DISC_SOURCE_QUALS_ASNDISC::taxname (all present, all unique)
DiscRep_SUB:DISC_SOURCE_QUALS_ASNDISC::1 sources have unique values for taxname
DiscRep_ALL:DISC_FEATURE_COUNT::CDS: 15 present
DiscRep_ALL:DISC_COUNT_NUCLEOTIDES::1 nucleotide Bioseqs are present
/home/asus/Desktop/CHRF_Project/Problem_Solving_of_Colleagues_and_thesis_students/Qurratul_thesis_student/Shuvo_bhaiya_to_run_prokka/10_shotgun_hvkp/Prokka_result/NZ_JBAMCA010000027_prokka/NZ_JBAMCA010000027:NZ_JBAMCA010000027.1 (length 15045)

DiscRep_ALL:FEATURE_LOCATION_CONFLICT::15 features have inconsistent gene locations.
DiscRep_SUB:FEATURE_LOCATION_CONFLICT::Coding region xref gene does not exist
/home/asus/Desktop/CHRF_Project/Problem_Solving_of_Colleagues_and_thesis_students/Qurratul_thesis_student/Shuvo_bhaiya_to_run_prokka/10_shotgun_hvkp/Prokka_result/NZ_JBAMCA010000027_prokka/NZ_JBAMCA010000027:CDS	GTP cyclohydrolase FolE2	NZ_JBAMCA010000027.1:85-984	NZ_JBAMCA010000027_00001

DiscRep_SUB:FEATURE_LOCATION_CONFLICT::Coding region xref gene does not exist
/home/asus/Desktop/CHRF_Project/Problem_Solving_of_Colleagues_and_thesis_students/Qurratul_thesis_student/Shuvo_bhaiya_to_run_prokka/10_shotgun_hvkp/Prokka_result/NZ_JBAMCA010000027_prokka/NZ_JBAMCA010000027:CDS	Carbon dioxide concentrating mechanism protein CcmM	NZ_JBAMCA010000027.1:974-1534	NZ_JBAMCA010000027_00002

DiscRep_SUB:FEATURE_LOCATION_CONFLICT::Coding region xref gene does not exist
/home/asus/Desktop/CHRF_Project/Problem_Solving_of_Colleagues_and_thesis_students/Qurratul_thesis_student/Shuvo_bhaiya_to_run_prokka/10_shotgun_hvkp/Prokka_result/NZ_JBAMCA010000027_prokka/NZ_JBAMCA010000027:CDS	hypothetical protein	NZ_JBAMCA010000027.1:1664-2530	NZ_JBAMCA010000027_00003

DiscRep_SUB:FEATURE_LOCATION_CONFLICT::Coding region xref gene does not exist
/home/asus/Desktop/CHRF_Project/Problem_Solving_of_Colleagues_and_thesis_students/Qurratul_thesis_student/Shuvo_bhaiya_to_run_prokka/10_shotgun_hvkp/Prokka_result/NZ_JBAMCA010000027_prokka/NZ_JBAMCA010000027:CDS	hypothetical protein	NZ_JBAMCA010000027.1:c3356-2547	NZ_JBAMCA010000027_00004

DiscRep_SUB:FEATURE_LOCATION_CONFLICT::Coding region xref gene does not exist
/home/asus/Desktop/CHRF_Project/Problem_Solving_of_Colleagues_and_thesis_students/Qurratul_thesis_student/Shuvo_bhaiya_to_run_prokka/10_shotgun_hvkp/Prokka_result/NZ_JBAMCA010000027_prokka/NZ_JBAMCA010000027:CDS	Manganese transport system membrane protein MntB	NZ_JBAMCA010000027.1:c4199-3372	NZ_JBAMCA010000027_00005

DiscRep_SUB:FEATURE_LOCATION_CONFLICT::Coding region xref gene does not exist
/home/asus/Desktop/CHRF_Project/Problem_Solving_of_Colleagues_and_thesis_students/Qurratul_thesis_student/Shuvo_bhaiya_to_run_prokka/10_shotgun_hvkp/Prokka_result/NZ_JBAMCA010000027_prokka/NZ_JBAMCA010000027:CDS	Manganese transport system membrane protein MntB	NZ_JBAMCA010000027.1:c5053-4193	NZ_JBAMCA010000027_00006

DiscRep_SUB:FEATURE_LOCATION_CONFLICT::Coding region xref gene does not exist
/home/asus/Desktop/CHRF_Project/Problem_Solving_of_Colleagues_and_thesis_students/Qurratul_thesis_student/Shuvo_bhaiya_to_run_prokka/10_shotgun_hvkp/Prokka_result/NZ_JBAMCA010000027_prokka/NZ_JBAMCA010000027:CDS	Manganese transport system ATP-binding protein MntB	NZ_JBAMCA010000027.1:c5871-5050	NZ_JBAMCA010000027_00007

DiscRep_SUB:FEATURE_LOCATION_CONFLICT::Coding region xref gene does not exist
/home/asus/Desktop/CHRF_Project/Problem_Solving_of_Colleagues_and_thesis_students/Qurratul_thesis_student/Shuvo_bhaiya_to_run_prokka/10_shotgun_hvkp/Prokka_result/NZ_JBAMCA010000027_prokka/NZ_JBAMCA010000027:CDS	putative periplasmic iron-binding protein	NZ_JBAMCA010000027.1:c6789-5875	NZ_JBAMCA010000027_00008

DiscRep_SUB:FEATURE_LOCATION_CONFLICT::Coding region xref gene does not exist
/home/asus/Desktop/CHRF_Project/Problem_Solving_of_Colleagues_and_thesis_students/Qurratul_thesis_student/Shuvo_bhaiya_to_run_prokka/10_shotgun_hvkp/Prokka_result/NZ_JBAMCA010000027_prokka/NZ_JBAMCA010000027:CDS	Threonine--tRNA ligase	NZ_JBAMCA010000027.1:7048-9000	NZ_JBAMCA010000027_00009

DiscRep_SUB:FEATURE_LOCATION_CONFLICT::Coding region xref gene does not exist
/home/asus/Desktop/CHRF_Project/Problem_Solving_of_Colleagues_and_thesis_students/Qurratul_thesis_student/Shuvo_bhaiya_to_run_prokka/10_shotgun_hvkp/Prokka_result/NZ_JBAMCA010000027_prokka/NZ_JBAMCA010000027:CDS	hypothetical protein	NZ_JBAMCA010000027.1:8993-9844	NZ_JBAMCA010000027_00010

DiscRep_SUB:FEATURE_LOCATION_CONFLICT::Coding region xref gene does not exist
/home/asus/Desktop/CHRF_Project/Problem_Solving_of_Colleagues_and_thesis_students/Qurratul_thesis_student/Shuvo_bhaiya_to_run_prokka/10_shotgun_hvkp/Prokka_result/NZ_JBAMCA010000027_prokka/NZ_JBAMCA010000027:CDS	Allantoinase	NZ_JBAMCA010000027.1:9841-11187	NZ_JBAMCA010000027_00011

DiscRep_SUB:FEATURE_LOCATION_CONFLICT::Coding region xref gene does not exist
/home/asus/Desktop/CHRF_Project/Problem_Solving_of_Colleagues_and_thesis_students/Qurratul_thesis_student/Shuvo_bhaiya_to_run_prokka/10_shotgun_hvkp/Prokka_result/NZ_JBAMCA010000027_prokka/NZ_JBAMCA010000027:CDS	Delta-aminolevulinic acid dehydratase	NZ_JBAMCA010000027.1:11248-12270	NZ_JBAMCA010000027_00012

DiscRep_SUB:FEATURE_LOCATION_CONFLICT::Coding region xref gene does not exist
/home/asus/Desktop/CHRF_Project/Problem_Solving_of_Colleagues_and_thesis_students/Qurratul_thesis_student/Shuvo_bhaiya_to_run_prokka/10_shotgun_hvkp/Prokka_result/NZ_JBAMCA010000027_prokka/NZ_JBAMCA010000027:CDS	hypothetical protein	NZ_JBAMCA010000027.1:12423-12758	NZ_JBAMCA010000027_00013

DiscRep_SUB:FEATURE_LOCATION_CONFLICT::Coding region xref gene does not exist
/home/asus/Desktop/CHRF_Project/Problem_Solving_of_Colleagues_and_thesis_students/Qurratul_thesis_student/Shuvo_bhaiya_to_run_prokka/10_shotgun_hvkp/Prokka_result/NZ_JBAMCA010000027_prokka/NZ_JBAMCA010000027:CDS	tRNA 5-methylaminomethyl-2-thiouridine biosynthesis bifunctional protein MnmC	NZ_JBAMCA010000027.1:12800-13984	NZ_JBAMCA010000027_00014

DiscRep_SUB:FEATURE_LOCATION_CONFLICT::Coding region xref gene does not exist
/home/asus/Desktop/CHRF_Project/Problem_Solving_of_Colleagues_and_thesis_students/Qurratul_thesis_student/Shuvo_bhaiya_to_run_prokka/10_shotgun_hvkp/Prokka_result/NZ_JBAMCA010000027_prokka/NZ_JBAMCA010000027:CDS	hypothetical protein	NZ_JBAMCA010000027.1:14348-14602	NZ_JBAMCA010000027_00015

DiscRep_ALL:OVERLAPPING_CDS::2 coding regions overlap another coding region with a similar or identical name.
DiscRep_SUB:OVERLAPPING_CDS::2 coding regions overlap another coding region with a similar or identical name that do not have the appropriate note text
/home/asus/Desktop/CHRF_Project/Problem_Solving_of_Colleagues_and_thesis_students/Qurratul_thesis_student/Shuvo_bhaiya_to_run_prokka/10_shotgun_hvkp/Prokka_result/NZ_JBAMCA010000027_prokka/NZ_JBAMCA010000027:CDS	Manganese transport system membrane protein MntB	NZ_JBAMCA010000027.1:c4199-3372	NZ_JBAMCA010000027_00005
/home/asus/Desktop/CHRF_Project/Problem_Solving_of_Colleagues_and_thesis_students/Qurratul_thesis_student/Shuvo_bhaiya_to_run_prokka/10_shotgun_hvkp/Prokka_result/NZ_JBAMCA010000027_prokka/NZ_JBAMCA010000027:CDS	Manganese transport system membrane protein MntB	NZ_JBAMCA010000027.1:c5053-4193	NZ_JBAMCA010000027_00006

DiscRep_ALL:DISC_QUALITY_SCORES::Quality scores are missing on all sequences.

DiscRep_ALL:ONCALLER_COMMENT_PRESENT::1 comment descriptors were found (all same)
/home/asus/Desktop/CHRF_Project/Problem_Solving_of_Colleagues_and_thesis_students/Qurratul_thesis_student/Shuvo_bhaiya_to_run_prokka/10_shotgun_hvkp/Prokka_result/NZ_JBAMCA010000027_prokka/NZ_JBAMCA010000027:NZ_JBAMCA010000027.1:Annotated using prokka 1.14.6 from https://github.com/tseemann/prokka

DiscRep_ALL:MISSING_GENOMEASSEMBLY_COMMENTS::1 bioseqs are missing GenomeAssembly structured comments
/home/asus/Desktop/CHRF_Project/Problem_Solving_of_Colleagues_and_thesis_students/Qurratul_thesis_student/Shuvo_bhaiya_to_run_prokka/10_shotgun_hvkp/Prokka_result/NZ_JBAMCA010000027_prokka/NZ_JBAMCA010000027:NZ_JBAMCA010000027.1 (length 15045)

DiscRep_ALL:MOLTYPE_NOT_MRNA::1 molecule types are not set as mRNA.
/home/asus/Desktop/CHRF_Project/Problem_Solving_of_Colleagues_and_thesis_students/Qurratul_thesis_student/Shuvo_bhaiya_to_run_prokka/10_shotgun_hvkp/Prokka_result/NZ_JBAMCA010000027_prokka/NZ_JBAMCA010000027:NZ_JBAMCA010000027.1 (length 15045)

DiscRep_ALL:TECHNIQUE_NOT_TSA::1 technique are not set as TSA
/home/asus/Desktop/CHRF_Project/Problem_Solving_of_Colleagues_and_thesis_students/Qurratul_thesis_student/Shuvo_bhaiya_to_run_prokka/10_shotgun_hvkp/Prokka_result/NZ_JBAMCA010000027_prokka/NZ_JBAMCA010000027:NZ_JBAMCA010000027.1 (length 15045)

DiscRep_ALL:MISSING_STRUCTURED_COMMENT::1 sequences do not include structured comments.
/home/asus/Desktop/CHRF_Project/Problem_Solving_of_Colleagues_and_thesis_students/Qurratul_thesis_student/Shuvo_bhaiya_to_run_prokka/10_shotgun_hvkp/Prokka_result/NZ_JBAMCA010000027_prokka/NZ_JBAMCA010000027:NZ_JBAMCA010000027.1 (length 15045)

DiscRep_ALL:MISSING_PROJECT::16 sequences do not include project.
/home/asus/Desktop/CHRF_Project/Problem_Solving_of_Colleagues_and_thesis_students/Qurratul_thesis_student/Shuvo_bhaiya_to_run_prokka/10_shotgun_hvkp/Prokka_result/NZ_JBAMCA010000027_prokka/NZ_JBAMCA010000027:NZ_JBAMCA010000027.1 (length 15045)
/home/asus/Desktop/CHRF_Project/Problem_Solving_of_Colleagues_and_thesis_students/Qurratul_thesis_student/Shuvo_bhaiya_to_run_prokka/10_shotgun_hvkp/Prokka_result/NZ_JBAMCA010000027_prokka/NZ_JBAMCA010000027:NZ_JBAMCA010000027.1_1 (length 299)
/home/asus/Desktop/CHRF_Project/Problem_Solving_of_Colleagues_and_thesis_students/Qurratul_thesis_student/Shuvo_bhaiya_to_run_prokka/10_shotgun_hvkp/Prokka_result/NZ_JBAMCA010000027_prokka/NZ_JBAMCA010000027:NZ_JBAMCA010000027.1_2 (length 186)
/home/asus/Desktop/CHRF_Project/Problem_Solving_of_Colleagues_and_thesis_students/Qurratul_thesis_student/Shuvo_bhaiya_to_run_prokka/10_shotgun_hvkp/Prokka_result/NZ_JBAMCA010000027_prokka/NZ_JBAMCA010000027:NZ_JBAMCA010000027.1_3 (length 288)
/home/asus/Desktop/CHRF_Project/Problem_Solving_of_Colleagues_and_thesis_students/Qurratul_thesis_student/Shuvo_bhaiya_to_run_prokka/10_shotgun_hvkp/Prokka_result/NZ_JBAMCA010000027_prokka/NZ_JBAMCA010000027:NZ_JBAMCA010000027.1_4 (length 269)
/home/asus/Desktop/CHRF_Project/Problem_Solving_of_Colleagues_and_thesis_students/Qurratul_thesis_student/Shuvo_bhaiya_to_run_prokka/10_shotgun_hvkp/Prokka_result/NZ_JBAMCA010000027_prokka/NZ_JBAMCA010000027:NZ_JBAMCA010000027.1_5 (length 275)
/home/asus/Desktop/CHRF_Project/Problem_Solving_of_Colleagues_and_thesis_students/Qurratul_thesis_student/Shuvo_bhaiya_to_run_prokka/10_shotgun_hvkp/Prokka_result/NZ_JBAMCA010000027_prokka/NZ_JBAMCA010000027:NZ_JBAMCA010000027.1_6 (length 286)
/home/asus/Desktop/CHRF_Project/Problem_Solving_of_Colleagues_and_thesis_students/Qurratul_thesis_student/Shuvo_bhaiya_to_run_prokka/10_shotgun_hvkp/Prokka_result/NZ_JBAMCA010000027_prokka/NZ_JBAMCA010000027:NZ_JBAMCA010000027.1_7 (length 273)
/home/asus/Desktop/CHRF_Project/Problem_Solving_of_Colleagues_and_thesis_students/Qurratul_thesis_student/Shuvo_bhaiya_to_run_prokka/10_shotgun_hvkp/Prokka_result/NZ_JBAMCA010000027_prokka/NZ_JBAMCA010000027:NZ_JBAMCA010000027.1_8 (length 304)
/home/asus/Desktop/CHRF_Project/Problem_Solving_of_Colleagues_and_thesis_students/Qurratul_thesis_student/Shuvo_bhaiya_to_run_prokka/10_shotgun_hvkp/Prokka_result/NZ_JBAMCA010000027_prokka/NZ_JBAMCA010000027:NZ_JBAMCA010000027.1_9 (length 650)
/home/asus/Desktop/CHRF_Project/Problem_Solving_of_Colleagues_and_thesis_students/Qurratul_thesis_student/Shuvo_bhaiya_to_run_prokka/10_shotgun_hvkp/Prokka_result/NZ_JBAMCA010000027_prokka/NZ_JBAMCA010000027:NZ_JBAMCA010000027.1_10 (length 283)
/home/asus/Desktop/CHRF_Project/Problem_Solving_of_Colleagues_and_thesis_students/Qurratul_thesis_student/Shuvo_bhaiya_to_run_prokka/10_shotgun_hvkp/Prokka_result/NZ_JBAMCA010000027_prokka/NZ_JBAMCA010000027:NZ_JBAMCA010000027.1_11 (length 448)
/home/asus/Desktop/CHRF_Project/Problem_Solving_of_Colleagues_and_thesis_students/Qurratul_thesis_student/Shuvo_bhaiya_to_run_prokka/10_shotgun_hvkp/Prokka_result/NZ_JBAMCA010000027_prokka/NZ_JBAMCA010000027:NZ_JBAMCA010000027.1_12 (length 340)
/home/asus/Desktop/CHRF_Project/Problem_Solving_of_Colleagues_and_thesis_students/Qurratul_thesis_student/Shuvo_bhaiya_to_run_prokka/10_shotgun_hvkp/Prokka_result/NZ_JBAMCA010000027_prokka/NZ_JBAMCA010000027:NZ_JBAMCA010000027.1_13 (length 111)
/home/asus/Desktop/CHRF_Project/Problem_Solving_of_Colleagues_and_thesis_students/Qurratul_thesis_student/Shuvo_bhaiya_to_run_prokka/10_shotgun_hvkp/Prokka_result/NZ_JBAMCA010000027_prokka/NZ_JBAMCA010000027:NZ_JBAMCA010000027.1_14 (length 394)
/home/asus/Desktop/CHRF_Project/Problem_Solving_of_Colleagues_and_thesis_students/Qurratul_thesis_student/Shuvo_bhaiya_to_run_prokka/10_shotgun_hvkp/Prokka_result/NZ_JBAMCA010000027_prokka/NZ_JBAMCA010000027:NZ_JBAMCA010000027.1_15 (length 84)

DiscRep_ALL:DISC_INCONSISTENT_MOLINFO_TECH::Molinfo Technique Report (some missing, all same)
DiscRep_SUB:DISC_INCONSISTENT_MOLINFO_TECH::technique (all missing)
DiscRep_SUB:DISC_INCONSISTENT_MOLINFO_TECH::1 Molinfos are missing field technique
/home/asus/Desktop/CHRF_Project/Problem_Solving_of_Colleagues_and_thesis_students/Qurratul_thesis_student/Shuvo_bhaiya_to_run_prokka/10_shotgun_hvkp/Prokka_result/NZ_JBAMCA010000027_prokka/NZ_JBAMCA010000027:NZ_JBAMCA010000027.1 (length 15045)

