Discrepancy Report Results

Summary
FATAL: MISSING_PROTEIN_ID:16 proteins have invalid IDs.
DISC_SOURCE_QUALS_ASNDISC:strain (all present, all unique)
DISC_SOURCE_QUALS_ASNDISC:taxname (all present, all unique)
DISC_FEATURE_COUNT:CDS: 16 present
DISC_FEATURE_COUNT:tRNA: 1 present
DISC_COUNT_NUCLEOTIDES:1 nucleotide Bioseqs are present
FEATURE_LOCATION_CONFLICT:17 features have inconsistent gene locations.
DISC_QUALITY_SCORES:Quality scores are missing on all sequences.
ONCALLER_COMMENT_PRESENT:1 comment descriptors were found (all same)
MISSING_GENOMEASSEMBLY_COMMENTS:1 bioseqs are missing GenomeAssembly structured comments
MOLTYPE_NOT_MRNA:1 molecule types are not set as mRNA.
TECHNIQUE_NOT_TSA:1 technique are not set as TSA
MISSING_STRUCTURED_COMMENT:1 sequences do not include structured comments.
MISSING_PROJECT:17 sequences do not include project.
DISC_INCONSISTENT_MOLINFO_TECH:Molinfo Technique Report (some missing, all same)


Detailed Report

FATAL: DiscRep_ALL:MISSING_PROTEIN_ID::16 proteins have invalid IDs.
/home/asus/Desktop/CHRF_Project/Problem_Solving_of_Colleagues_and_thesis_students/Qurratul_thesis_student/Shuvo_bhaiya_to_run_prokka/10_shotgun_hvkp/Prokka_result/NZ_JBAMCA010000031_prokka/NZ_JBAMCA010000031:NZ_JBAMCA010000031.1_1 (length 477)
/home/asus/Desktop/CHRF_Project/Problem_Solving_of_Colleagues_and_thesis_students/Qurratul_thesis_student/Shuvo_bhaiya_to_run_prokka/10_shotgun_hvkp/Prokka_result/NZ_JBAMCA010000031_prokka/NZ_JBAMCA010000031:NZ_JBAMCA010000031.1_2 (length 560)
/home/asus/Desktop/CHRF_Project/Problem_Solving_of_Colleagues_and_thesis_students/Qurratul_thesis_student/Shuvo_bhaiya_to_run_prokka/10_shotgun_hvkp/Prokka_result/NZ_JBAMCA010000031_prokka/NZ_JBAMCA010000031:NZ_JBAMCA010000031.1_3 (length 226)
/home/asus/Desktop/CHRF_Project/Problem_Solving_of_Colleagues_and_thesis_students/Qurratul_thesis_student/Shuvo_bhaiya_to_run_prokka/10_shotgun_hvkp/Prokka_result/NZ_JBAMCA010000031_prokka/NZ_JBAMCA010000031:NZ_JBAMCA010000031.1_4 (length 489)
/home/asus/Desktop/CHRF_Project/Problem_Solving_of_Colleagues_and_thesis_students/Qurratul_thesis_student/Shuvo_bhaiya_to_run_prokka/10_shotgun_hvkp/Prokka_result/NZ_JBAMCA010000031_prokka/NZ_JBAMCA010000031:NZ_JBAMCA010000031.1_5 (length 339)
/home/asus/Desktop/CHRF_Project/Problem_Solving_of_Colleagues_and_thesis_students/Qurratul_thesis_student/Shuvo_bhaiya_to_run_prokka/10_shotgun_hvkp/Prokka_result/NZ_JBAMCA010000031_prokka/NZ_JBAMCA010000031:NZ_JBAMCA010000031.1_6 (length 290)
/home/asus/Desktop/CHRF_Project/Problem_Solving_of_Colleagues_and_thesis_students/Qurratul_thesis_student/Shuvo_bhaiya_to_run_prokka/10_shotgun_hvkp/Prokka_result/NZ_JBAMCA010000031_prokka/NZ_JBAMCA010000031:NZ_JBAMCA010000031.1_7 (length 295)
/home/asus/Desktop/CHRF_Project/Problem_Solving_of_Colleagues_and_thesis_students/Qurratul_thesis_student/Shuvo_bhaiya_to_run_prokka/10_shotgun_hvkp/Prokka_result/NZ_JBAMCA010000031_prokka/NZ_JBAMCA010000031:NZ_JBAMCA010000031.1_8 (length 274)
/home/asus/Desktop/CHRF_Project/Problem_Solving_of_Colleagues_and_thesis_students/Qurratul_thesis_student/Shuvo_bhaiya_to_run_prokka/10_shotgun_hvkp/Prokka_result/NZ_JBAMCA010000031_prokka/NZ_JBAMCA010000031:NZ_JBAMCA010000031.1_9 (length 356)
/home/asus/Desktop/CHRF_Project/Problem_Solving_of_Colleagues_and_thesis_students/Qurratul_thesis_student/Shuvo_bhaiya_to_run_prokka/10_shotgun_hvkp/Prokka_result/NZ_JBAMCA010000031_prokka/NZ_JBAMCA010000031:NZ_JBAMCA010000031.1_10 (length 436)
/home/asus/Desktop/CHRF_Project/Problem_Solving_of_Colleagues_and_thesis_students/Qurratul_thesis_student/Shuvo_bhaiya_to_run_prokka/10_shotgun_hvkp/Prokka_result/NZ_JBAMCA010000031_prokka/NZ_JBAMCA010000031:NZ_JBAMCA010000031.1_11 (length 299)
/home/asus/Desktop/CHRF_Project/Problem_Solving_of_Colleagues_and_thesis_students/Qurratul_thesis_student/Shuvo_bhaiya_to_run_prokka/10_shotgun_hvkp/Prokka_result/NZ_JBAMCA010000031_prokka/NZ_JBAMCA010000031:NZ_JBAMCA010000031.1_12 (length 294)
/home/asus/Desktop/CHRF_Project/Problem_Solving_of_Colleagues_and_thesis_students/Qurratul_thesis_student/Shuvo_bhaiya_to_run_prokka/10_shotgun_hvkp/Prokka_result/NZ_JBAMCA010000031_prokka/NZ_JBAMCA010000031:NZ_JBAMCA010000031.1_13 (length 337)
/home/asus/Desktop/CHRF_Project/Problem_Solving_of_Colleagues_and_thesis_students/Qurratul_thesis_student/Shuvo_bhaiya_to_run_prokka/10_shotgun_hvkp/Prokka_result/NZ_JBAMCA010000031_prokka/NZ_JBAMCA010000031:NZ_JBAMCA010000031.1_14 (length 646)
/home/asus/Desktop/CHRF_Project/Problem_Solving_of_Colleagues_and_thesis_students/Qurratul_thesis_student/Shuvo_bhaiya_to_run_prokka/10_shotgun_hvkp/Prokka_result/NZ_JBAMCA010000031_prokka/NZ_JBAMCA010000031:NZ_JBAMCA010000031.1_15 (length 637)
/home/asus/Desktop/CHRF_Project/Problem_Solving_of_Colleagues_and_thesis_students/Qurratul_thesis_student/Shuvo_bhaiya_to_run_prokka/10_shotgun_hvkp/Prokka_result/NZ_JBAMCA010000031_prokka/NZ_JBAMCA010000031:NZ_JBAMCA010000031.1_16 (length 285)

DiscRep_ALL:DISC_SOURCE_QUALS_ASNDISC::strain (all present, all unique)
DiscRep_SUB:DISC_SOURCE_QUALS_ASNDISC::1 sources have unique values for strain
DiscRep_ALL:DISC_SOURCE_QUALS_ASNDISC::taxname (all present, all unique)
DiscRep_SUB:DISC_SOURCE_QUALS_ASNDISC::1 sources have unique values for taxname
DiscRep_ALL:DISC_FEATURE_COUNT::CDS: 16 present
DiscRep_ALL:DISC_FEATURE_COUNT::tRNA: 1 present
DiscRep_ALL:DISC_COUNT_NUCLEOTIDES::1 nucleotide Bioseqs are present
/home/asus/Desktop/CHRF_Project/Problem_Solving_of_Colleagues_and_thesis_students/Qurratul_thesis_student/Shuvo_bhaiya_to_run_prokka/10_shotgun_hvkp/Prokka_result/NZ_JBAMCA010000031_prokka/NZ_JBAMCA010000031:NZ_JBAMCA010000031.1 (length 23469)

DiscRep_ALL:FEATURE_LOCATION_CONFLICT::17 features have inconsistent gene locations.
DiscRep_SUB:FEATURE_LOCATION_CONFLICT::Coding region xref gene does not exist
/home/asus/Desktop/CHRF_Project/Problem_Solving_of_Colleagues_and_thesis_students/Qurratul_thesis_student/Shuvo_bhaiya_to_run_prokka/10_shotgun_hvkp/Prokka_result/NZ_JBAMCA010000031_prokka/NZ_JBAMCA010000031:CDS	hypothetical protein	NZ_JBAMCA010000031.1:c2742-1309	NZ_JBAMCA010000031_00001

DiscRep_SUB:FEATURE_LOCATION_CONFLICT::Coding region xref gene does not exist
/home/asus/Desktop/CHRF_Project/Problem_Solving_of_Colleagues_and_thesis_students/Qurratul_thesis_student/Shuvo_bhaiya_to_run_prokka/10_shotgun_hvkp/Prokka_result/NZ_JBAMCA010000031_prokka/NZ_JBAMCA010000031:CDS	hypothetical protein	NZ_JBAMCA010000031.1:c4865-3183	NZ_JBAMCA010000031_00002

DiscRep_SUB:FEATURE_LOCATION_CONFLICT::Coding region xref gene does not exist
/home/asus/Desktop/CHRF_Project/Problem_Solving_of_Colleagues_and_thesis_students/Qurratul_thesis_student/Shuvo_bhaiya_to_run_prokka/10_shotgun_hvkp/Prokka_result/NZ_JBAMCA010000031_prokka/NZ_JBAMCA010000031:CDS	Carbonic anhydrase 2	NZ_JBAMCA010000031.1:5760-6440	NZ_JBAMCA010000031_00004

DiscRep_SUB:FEATURE_LOCATION_CONFLICT::Coding region xref gene does not exist
/home/asus/Desktop/CHRF_Project/Problem_Solving_of_Colleagues_and_thesis_students/Qurratul_thesis_student/Shuvo_bhaiya_to_run_prokka/10_shotgun_hvkp/Prokka_result/NZ_JBAMCA010000031_prokka/NZ_JBAMCA010000031:CDS	C4-dicarboxylic acid transporter DauA	NZ_JBAMCA010000031.1:6437-7906	NZ_JBAMCA010000031_00005

DiscRep_SUB:FEATURE_LOCATION_CONFLICT::Coding region xref gene does not exist
/home/asus/Desktop/CHRF_Project/Problem_Solving_of_Colleagues_and_thesis_students/Qurratul_thesis_student/Shuvo_bhaiya_to_run_prokka/10_shotgun_hvkp/Prokka_result/NZ_JBAMCA010000031_prokka/NZ_JBAMCA010000031:CDS	Aldehyde reductase Ahr	NZ_JBAMCA010000031.1:8018-9037	NZ_JBAMCA010000031_00006

DiscRep_SUB:FEATURE_LOCATION_CONFLICT::Coding region xref gene does not exist
/home/asus/Desktop/CHRF_Project/Problem_Solving_of_Colleagues_and_thesis_students/Qurratul_thesis_student/Shuvo_bhaiya_to_run_prokka/10_shotgun_hvkp/Prokka_result/NZ_JBAMCA010000031_prokka/NZ_JBAMCA010000031:CDS	sn-glycerol-3-phosphate transport system permease protein UgpA	NZ_JBAMCA010000031.1:9180-10052	NZ_JBAMCA010000031_00007

DiscRep_SUB:FEATURE_LOCATION_CONFLICT::Coding region xref gene does not exist
/home/asus/Desktop/CHRF_Project/Problem_Solving_of_Colleagues_and_thesis_students/Qurratul_thesis_student/Shuvo_bhaiya_to_run_prokka/10_shotgun_hvkp/Prokka_result/NZ_JBAMCA010000031_prokka/NZ_JBAMCA010000031:CDS	Diacetylchitobiose uptake system permease protein NgcG	NZ_JBAMCA010000031.1:10042-10929	NZ_JBAMCA010000031_00008

DiscRep_SUB:FEATURE_LOCATION_CONFLICT::Coding region xref gene does not exist
/home/asus/Desktop/CHRF_Project/Problem_Solving_of_Colleagues_and_thesis_students/Qurratul_thesis_student/Shuvo_bhaiya_to_run_prokka/10_shotgun_hvkp/Prokka_result/NZ_JBAMCA010000031_prokka/NZ_JBAMCA010000031:CDS	3',5'-cyclic adenosine monophosphate phosphodiesterase CpdA	NZ_JBAMCA010000031.1:10940-11764	NZ_JBAMCA010000031_00009

DiscRep_SUB:FEATURE_LOCATION_CONFLICT::Coding region xref gene does not exist
/home/asus/Desktop/CHRF_Project/Problem_Solving_of_Colleagues_and_thesis_students/Qurratul_thesis_student/Shuvo_bhaiya_to_run_prokka/10_shotgun_hvkp/Prokka_result/NZ_JBAMCA010000031_prokka/NZ_JBAMCA010000031:CDS	sn-glycerol-3-phosphate import ATP-binding protein UgpC	NZ_JBAMCA010000031.1:11770-12840	NZ_JBAMCA010000031_00010

DiscRep_SUB:FEATURE_LOCATION_CONFLICT::Coding region xref gene does not exist
/home/asus/Desktop/CHRF_Project/Problem_Solving_of_Colleagues_and_thesis_students/Qurratul_thesis_student/Shuvo_bhaiya_to_run_prokka/10_shotgun_hvkp/Prokka_result/NZ_JBAMCA010000031_prokka/NZ_JBAMCA010000031:CDS	sn-glycerol-3-phosphate-binding periplasmic protein UgpB	NZ_JBAMCA010000031.1:12980-14290	NZ_JBAMCA010000031_00011

DiscRep_SUB:FEATURE_LOCATION_CONFLICT::Coding region xref gene does not exist
/home/asus/Desktop/CHRF_Project/Problem_Solving_of_Colleagues_and_thesis_students/Qurratul_thesis_student/Shuvo_bhaiya_to_run_prokka/10_shotgun_hvkp/Prokka_result/NZ_JBAMCA010000031_prokka/NZ_JBAMCA010000031:CDS	Inosose dehydratase	NZ_JBAMCA010000031.1:c15333-14434	NZ_JBAMCA010000031_00012

DiscRep_SUB:FEATURE_LOCATION_CONFLICT::Coding region xref gene does not exist
/home/asus/Desktop/CHRF_Project/Problem_Solving_of_Colleagues_and_thesis_students/Qurratul_thesis_student/Shuvo_bhaiya_to_run_prokka/10_shotgun_hvkp/Prokka_result/NZ_JBAMCA010000031_prokka/NZ_JBAMCA010000031:CDS	hypothetical protein	NZ_JBAMCA010000031.1:c16241-15357	NZ_JBAMCA010000031_00013

DiscRep_SUB:FEATURE_LOCATION_CONFLICT::Coding region xref gene does not exist
/home/asus/Desktop/CHRF_Project/Problem_Solving_of_Colleagues_and_thesis_students/Qurratul_thesis_student/Shuvo_bhaiya_to_run_prokka/10_shotgun_hvkp/Prokka_result/NZ_JBAMCA010000031_prokka/NZ_JBAMCA010000031:CDS	Inositol 2-dehydrogenase/D-chiro-inositol 3-dehydrogenase	NZ_JBAMCA010000031.1:c17296-16283	NZ_JBAMCA010000031_00014

DiscRep_SUB:FEATURE_LOCATION_CONFLICT::Coding region xref gene does not exist
/home/asus/Desktop/CHRF_Project/Problem_Solving_of_Colleagues_and_thesis_students/Qurratul_thesis_student/Shuvo_bhaiya_to_run_prokka/10_shotgun_hvkp/Prokka_result/NZ_JBAMCA010000031_prokka/NZ_JBAMCA010000031:CDS	3D-(3,5/4)-trihydroxycyclohexane-1,2-dione hydrolase	NZ_JBAMCA010000031.1:c19283-17343	NZ_JBAMCA010000031_00015

DiscRep_SUB:FEATURE_LOCATION_CONFLICT::Coding region xref gene does not exist
/home/asus/Desktop/CHRF_Project/Problem_Solving_of_Colleagues_and_thesis_students/Qurratul_thesis_student/Shuvo_bhaiya_to_run_prokka/10_shotgun_hvkp/Prokka_result/NZ_JBAMCA010000031_prokka/NZ_JBAMCA010000031:CDS	5-dehydro-2-deoxygluconokinase	NZ_JBAMCA010000031.1:19789-21702	NZ_JBAMCA010000031_00016

DiscRep_SUB:FEATURE_LOCATION_CONFLICT::Coding region xref gene does not exist
/home/asus/Desktop/CHRF_Project/Problem_Solving_of_Colleagues_and_thesis_students/Qurratul_thesis_student/Shuvo_bhaiya_to_run_prokka/10_shotgun_hvkp/Prokka_result/NZ_JBAMCA010000031_prokka/NZ_JBAMCA010000031:CDS	HTH-type transcriptional regulator HexR	NZ_JBAMCA010000031.1:21854-22711	NZ_JBAMCA010000031_00017

DiscRep_SUB:FEATURE_LOCATION_CONFLICT::RNA feature xref gene does not exist
/home/asus/Desktop/CHRF_Project/Problem_Solving_of_Colleagues_and_thesis_students/Qurratul_thesis_student/Shuvo_bhaiya_to_run_prokka/10_shotgun_hvkp/Prokka_result/NZ_JBAMCA010000031_prokka/NZ_JBAMCA010000031:tRNA	Leu	NZ_JBAMCA010000031.1:c5170-5086	NZ_JBAMCA010000031_00003

DiscRep_ALL:DISC_QUALITY_SCORES::Quality scores are missing on all sequences.

DiscRep_ALL:ONCALLER_COMMENT_PRESENT::1 comment descriptors were found (all same)
/home/asus/Desktop/CHRF_Project/Problem_Solving_of_Colleagues_and_thesis_students/Qurratul_thesis_student/Shuvo_bhaiya_to_run_prokka/10_shotgun_hvkp/Prokka_result/NZ_JBAMCA010000031_prokka/NZ_JBAMCA010000031:NZ_JBAMCA010000031.1:Annotated using prokka 1.14.6 from https://github.com/tseemann/prokka

DiscRep_ALL:MISSING_GENOMEASSEMBLY_COMMENTS::1 bioseqs are missing GenomeAssembly structured comments
/home/asus/Desktop/CHRF_Project/Problem_Solving_of_Colleagues_and_thesis_students/Qurratul_thesis_student/Shuvo_bhaiya_to_run_prokka/10_shotgun_hvkp/Prokka_result/NZ_JBAMCA010000031_prokka/NZ_JBAMCA010000031:NZ_JBAMCA010000031.1 (length 23469)

DiscRep_ALL:MOLTYPE_NOT_MRNA::1 molecule types are not set as mRNA.
/home/asus/Desktop/CHRF_Project/Problem_Solving_of_Colleagues_and_thesis_students/Qurratul_thesis_student/Shuvo_bhaiya_to_run_prokka/10_shotgun_hvkp/Prokka_result/NZ_JBAMCA010000031_prokka/NZ_JBAMCA010000031:NZ_JBAMCA010000031.1 (length 23469)

DiscRep_ALL:TECHNIQUE_NOT_TSA::1 technique are not set as TSA
/home/asus/Desktop/CHRF_Project/Problem_Solving_of_Colleagues_and_thesis_students/Qurratul_thesis_student/Shuvo_bhaiya_to_run_prokka/10_shotgun_hvkp/Prokka_result/NZ_JBAMCA010000031_prokka/NZ_JBAMCA010000031:NZ_JBAMCA010000031.1 (length 23469)

DiscRep_ALL:MISSING_STRUCTURED_COMMENT::1 sequences do not include structured comments.
/home/asus/Desktop/CHRF_Project/Problem_Solving_of_Colleagues_and_thesis_students/Qurratul_thesis_student/Shuvo_bhaiya_to_run_prokka/10_shotgun_hvkp/Prokka_result/NZ_JBAMCA010000031_prokka/NZ_JBAMCA010000031:NZ_JBAMCA010000031.1 (length 23469)

DiscRep_ALL:MISSING_PROJECT::17 sequences do not include project.
/home/asus/Desktop/CHRF_Project/Problem_Solving_of_Colleagues_and_thesis_students/Qurratul_thesis_student/Shuvo_bhaiya_to_run_prokka/10_shotgun_hvkp/Prokka_result/NZ_JBAMCA010000031_prokka/NZ_JBAMCA010000031:NZ_JBAMCA010000031.1 (length 23469)
/home/asus/Desktop/CHRF_Project/Problem_Solving_of_Colleagues_and_thesis_students/Qurratul_thesis_student/Shuvo_bhaiya_to_run_prokka/10_shotgun_hvkp/Prokka_result/NZ_JBAMCA010000031_prokka/NZ_JBAMCA010000031:NZ_JBAMCA010000031.1_1 (length 477)
/home/asus/Desktop/CHRF_Project/Problem_Solving_of_Colleagues_and_thesis_students/Qurratul_thesis_student/Shuvo_bhaiya_to_run_prokka/10_shotgun_hvkp/Prokka_result/NZ_JBAMCA010000031_prokka/NZ_JBAMCA010000031:NZ_JBAMCA010000031.1_2 (length 560)
/home/asus/Desktop/CHRF_Project/Problem_Solving_of_Colleagues_and_thesis_students/Qurratul_thesis_student/Shuvo_bhaiya_to_run_prokka/10_shotgun_hvkp/Prokka_result/NZ_JBAMCA010000031_prokka/NZ_JBAMCA010000031:NZ_JBAMCA010000031.1_3 (length 226)
/home/asus/Desktop/CHRF_Project/Problem_Solving_of_Colleagues_and_thesis_students/Qurratul_thesis_student/Shuvo_bhaiya_to_run_prokka/10_shotgun_hvkp/Prokka_result/NZ_JBAMCA010000031_prokka/NZ_JBAMCA010000031:NZ_JBAMCA010000031.1_4 (length 489)
/home/asus/Desktop/CHRF_Project/Problem_Solving_of_Colleagues_and_thesis_students/Qurratul_thesis_student/Shuvo_bhaiya_to_run_prokka/10_shotgun_hvkp/Prokka_result/NZ_JBAMCA010000031_prokka/NZ_JBAMCA010000031:NZ_JBAMCA010000031.1_5 (length 339)
/home/asus/Desktop/CHRF_Project/Problem_Solving_of_Colleagues_and_thesis_students/Qurratul_thesis_student/Shuvo_bhaiya_to_run_prokka/10_shotgun_hvkp/Prokka_result/NZ_JBAMCA010000031_prokka/NZ_JBAMCA010000031:NZ_JBAMCA010000031.1_6 (length 290)
/home/asus/Desktop/CHRF_Project/Problem_Solving_of_Colleagues_and_thesis_students/Qurratul_thesis_student/Shuvo_bhaiya_to_run_prokka/10_shotgun_hvkp/Prokka_result/NZ_JBAMCA010000031_prokka/NZ_JBAMCA010000031:NZ_JBAMCA010000031.1_7 (length 295)
/home/asus/Desktop/CHRF_Project/Problem_Solving_of_Colleagues_and_thesis_students/Qurratul_thesis_student/Shuvo_bhaiya_to_run_prokka/10_shotgun_hvkp/Prokka_result/NZ_JBAMCA010000031_prokka/NZ_JBAMCA010000031:NZ_JBAMCA010000031.1_8 (length 274)
/home/asus/Desktop/CHRF_Project/Problem_Solving_of_Colleagues_and_thesis_students/Qurratul_thesis_student/Shuvo_bhaiya_to_run_prokka/10_shotgun_hvkp/Prokka_result/NZ_JBAMCA010000031_prokka/NZ_JBAMCA010000031:NZ_JBAMCA010000031.1_9 (length 356)
/home/asus/Desktop/CHRF_Project/Problem_Solving_of_Colleagues_and_thesis_students/Qurratul_thesis_student/Shuvo_bhaiya_to_run_prokka/10_shotgun_hvkp/Prokka_result/NZ_JBAMCA010000031_prokka/NZ_JBAMCA010000031:NZ_JBAMCA010000031.1_10 (length 436)
/home/asus/Desktop/CHRF_Project/Problem_Solving_of_Colleagues_and_thesis_students/Qurratul_thesis_student/Shuvo_bhaiya_to_run_prokka/10_shotgun_hvkp/Prokka_result/NZ_JBAMCA010000031_prokka/NZ_JBAMCA010000031:NZ_JBAMCA010000031.1_11 (length 299)
/home/asus/Desktop/CHRF_Project/Problem_Solving_of_Colleagues_and_thesis_students/Qurratul_thesis_student/Shuvo_bhaiya_to_run_prokka/10_shotgun_hvkp/Prokka_result/NZ_JBAMCA010000031_prokka/NZ_JBAMCA010000031:NZ_JBAMCA010000031.1_12 (length 294)
/home/asus/Desktop/CHRF_Project/Problem_Solving_of_Colleagues_and_thesis_students/Qurratul_thesis_student/Shuvo_bhaiya_to_run_prokka/10_shotgun_hvkp/Prokka_result/NZ_JBAMCA010000031_prokka/NZ_JBAMCA010000031:NZ_JBAMCA010000031.1_13 (length 337)
/home/asus/Desktop/CHRF_Project/Problem_Solving_of_Colleagues_and_thesis_students/Qurratul_thesis_student/Shuvo_bhaiya_to_run_prokka/10_shotgun_hvkp/Prokka_result/NZ_JBAMCA010000031_prokka/NZ_JBAMCA010000031:NZ_JBAMCA010000031.1_14 (length 646)
/home/asus/Desktop/CHRF_Project/Problem_Solving_of_Colleagues_and_thesis_students/Qurratul_thesis_student/Shuvo_bhaiya_to_run_prokka/10_shotgun_hvkp/Prokka_result/NZ_JBAMCA010000031_prokka/NZ_JBAMCA010000031:NZ_JBAMCA010000031.1_15 (length 637)
/home/asus/Desktop/CHRF_Project/Problem_Solving_of_Colleagues_and_thesis_students/Qurratul_thesis_student/Shuvo_bhaiya_to_run_prokka/10_shotgun_hvkp/Prokka_result/NZ_JBAMCA010000031_prokka/NZ_JBAMCA010000031:NZ_JBAMCA010000031.1_16 (length 285)

DiscRep_ALL:DISC_INCONSISTENT_MOLINFO_TECH::Molinfo Technique Report (some missing, all same)
DiscRep_SUB:DISC_INCONSISTENT_MOLINFO_TECH::technique (all missing)
DiscRep_SUB:DISC_INCONSISTENT_MOLINFO_TECH::1 Molinfos are missing field technique
/home/asus/Desktop/CHRF_Project/Problem_Solving_of_Colleagues_and_thesis_students/Qurratul_thesis_student/Shuvo_bhaiya_to_run_prokka/10_shotgun_hvkp/Prokka_result/NZ_JBAMCA010000031_prokka/NZ_JBAMCA010000031:NZ_JBAMCA010000031.1 (length 23469)

