Discrepancy Report Results

Summary
FATAL: MISSING_PROTEIN_ID:30 proteins have invalid IDs.
DISC_SOURCE_QUALS_ASNDISC:strain (all present, all unique)
DISC_SOURCE_QUALS_ASNDISC:taxname (all present, all unique)
DISC_FEATURE_COUNT:CDS: 30 present
DISC_COUNT_NUCLEOTIDES:1 nucleotide Bioseqs are present
FEATURE_LOCATION_CONFLICT:30 features have inconsistent gene locations.
DISC_QUALITY_SCORES:Quality scores are missing on all sequences.
ONCALLER_COMMENT_PRESENT:1 comment descriptors were found (all same)
MISSING_GENOMEASSEMBLY_COMMENTS:1 bioseqs are missing GenomeAssembly structured comments
MOLTYPE_NOT_MRNA:1 molecule types are not set as mRNA.
TECHNIQUE_NOT_TSA:1 technique are not set as TSA
MISSING_STRUCTURED_COMMENT:1 sequences do not include structured comments.
MISSING_PROJECT:31 sequences do not include project.
DISC_INCONSISTENT_MOLINFO_TECH:Molinfo Technique Report (some missing, all same)


Detailed Report

FATAL: DiscRep_ALL:MISSING_PROTEIN_ID::30 proteins have invalid IDs.
/home/asus/Desktop/CHRF_Project/Problem_Solving_of_Colleagues_and_thesis_students/Qurratul_thesis_student/Shuvo_bhaiya_to_run_prokka/10_shotgun_hvkp/Prokka_result/NZ_JBAMCA010000030_prokka/NZ_JBAMCA010000030:NZ_JBAMCA010000030.1_1 (length 75)
/home/asus/Desktop/CHRF_Project/Problem_Solving_of_Colleagues_and_thesis_students/Qurratul_thesis_student/Shuvo_bhaiya_to_run_prokka/10_shotgun_hvkp/Prokka_result/NZ_JBAMCA010000030_prokka/NZ_JBAMCA010000030:NZ_JBAMCA010000030.1_2 (length 76)
/home/asus/Desktop/CHRF_Project/Problem_Solving_of_Colleagues_and_thesis_students/Qurratul_thesis_student/Shuvo_bhaiya_to_run_prokka/10_shotgun_hvkp/Prokka_result/NZ_JBAMCA010000030_prokka/NZ_JBAMCA010000030:NZ_JBAMCA010000030.1_3 (length 91)
/home/asus/Desktop/CHRF_Project/Problem_Solving_of_Colleagues_and_thesis_students/Qurratul_thesis_student/Shuvo_bhaiya_to_run_prokka/10_shotgun_hvkp/Prokka_result/NZ_JBAMCA010000030_prokka/NZ_JBAMCA010000030:NZ_JBAMCA010000030.1_4 (length 173)
/home/asus/Desktop/CHRF_Project/Problem_Solving_of_Colleagues_and_thesis_students/Qurratul_thesis_student/Shuvo_bhaiya_to_run_prokka/10_shotgun_hvkp/Prokka_result/NZ_JBAMCA010000030_prokka/NZ_JBAMCA010000030:NZ_JBAMCA010000030.1_5 (length 124)
/home/asus/Desktop/CHRF_Project/Problem_Solving_of_Colleagues_and_thesis_students/Qurratul_thesis_student/Shuvo_bhaiya_to_run_prokka/10_shotgun_hvkp/Prokka_result/NZ_JBAMCA010000030_prokka/NZ_JBAMCA010000030:NZ_JBAMCA010000030.1_6 (length 326)
/home/asus/Desktop/CHRF_Project/Problem_Solving_of_Colleagues_and_thesis_students/Qurratul_thesis_student/Shuvo_bhaiya_to_run_prokka/10_shotgun_hvkp/Prokka_result/NZ_JBAMCA010000030_prokka/NZ_JBAMCA010000030:NZ_JBAMCA010000030.1_7 (length 338)
/home/asus/Desktop/CHRF_Project/Problem_Solving_of_Colleagues_and_thesis_students/Qurratul_thesis_student/Shuvo_bhaiya_to_run_prokka/10_shotgun_hvkp/Prokka_result/NZ_JBAMCA010000030_prokka/NZ_JBAMCA010000030:NZ_JBAMCA010000030.1_8 (length 346)
/home/asus/Desktop/CHRF_Project/Problem_Solving_of_Colleagues_and_thesis_students/Qurratul_thesis_student/Shuvo_bhaiya_to_run_prokka/10_shotgun_hvkp/Prokka_result/NZ_JBAMCA010000030_prokka/NZ_JBAMCA010000030:NZ_JBAMCA010000030.1_9 (length 317)
/home/asus/Desktop/CHRF_Project/Problem_Solving_of_Colleagues_and_thesis_students/Qurratul_thesis_student/Shuvo_bhaiya_to_run_prokka/10_shotgun_hvkp/Prokka_result/NZ_JBAMCA010000030_prokka/NZ_JBAMCA010000030:NZ_JBAMCA010000030.1_10 (length 446)
/home/asus/Desktop/CHRF_Project/Problem_Solving_of_Colleagues_and_thesis_students/Qurratul_thesis_student/Shuvo_bhaiya_to_run_prokka/10_shotgun_hvkp/Prokka_result/NZ_JBAMCA010000030_prokka/NZ_JBAMCA010000030:NZ_JBAMCA010000030.1_11 (length 381)
/home/asus/Desktop/CHRF_Project/Problem_Solving_of_Colleagues_and_thesis_students/Qurratul_thesis_student/Shuvo_bhaiya_to_run_prokka/10_shotgun_hvkp/Prokka_result/NZ_JBAMCA010000030_prokka/NZ_JBAMCA010000030:NZ_JBAMCA010000030.1_12 (length 226)
/home/asus/Desktop/CHRF_Project/Problem_Solving_of_Colleagues_and_thesis_students/Qurratul_thesis_student/Shuvo_bhaiya_to_run_prokka/10_shotgun_hvkp/Prokka_result/NZ_JBAMCA010000030_prokka/NZ_JBAMCA010000030:NZ_JBAMCA010000030.1_13 (length 170)
/home/asus/Desktop/CHRF_Project/Problem_Solving_of_Colleagues_and_thesis_students/Qurratul_thesis_student/Shuvo_bhaiya_to_run_prokka/10_shotgun_hvkp/Prokka_result/NZ_JBAMCA010000030_prokka/NZ_JBAMCA010000030:NZ_JBAMCA010000030.1_14 (length 196)
/home/asus/Desktop/CHRF_Project/Problem_Solving_of_Colleagues_and_thesis_students/Qurratul_thesis_student/Shuvo_bhaiya_to_run_prokka/10_shotgun_hvkp/Prokka_result/NZ_JBAMCA010000030_prokka/NZ_JBAMCA010000030:NZ_JBAMCA010000030.1_15 (length 310)
/home/asus/Desktop/CHRF_Project/Problem_Solving_of_Colleagues_and_thesis_students/Qurratul_thesis_student/Shuvo_bhaiya_to_run_prokka/10_shotgun_hvkp/Prokka_result/NZ_JBAMCA010000030_prokka/NZ_JBAMCA010000030:NZ_JBAMCA010000030.1_16 (length 447)
/home/asus/Desktop/CHRF_Project/Problem_Solving_of_Colleagues_and_thesis_students/Qurratul_thesis_student/Shuvo_bhaiya_to_run_prokka/10_shotgun_hvkp/Prokka_result/NZ_JBAMCA010000030_prokka/NZ_JBAMCA010000030:NZ_JBAMCA010000030.1_17 (length 500)
/home/asus/Desktop/CHRF_Project/Problem_Solving_of_Colleagues_and_thesis_students/Qurratul_thesis_student/Shuvo_bhaiya_to_run_prokka/10_shotgun_hvkp/Prokka_result/NZ_JBAMCA010000030_prokka/NZ_JBAMCA010000030:NZ_JBAMCA010000030.1_18 (length 220)
/home/asus/Desktop/CHRF_Project/Problem_Solving_of_Colleagues_and_thesis_students/Qurratul_thesis_student/Shuvo_bhaiya_to_run_prokka/10_shotgun_hvkp/Prokka_result/NZ_JBAMCA010000030_prokka/NZ_JBAMCA010000030:NZ_JBAMCA010000030.1_19 (length 96)
/home/asus/Desktop/CHRF_Project/Problem_Solving_of_Colleagues_and_thesis_students/Qurratul_thesis_student/Shuvo_bhaiya_to_run_prokka/10_shotgun_hvkp/Prokka_result/NZ_JBAMCA010000030_prokka/NZ_JBAMCA010000030:NZ_JBAMCA010000030.1_20 (length 301)
/home/asus/Desktop/CHRF_Project/Problem_Solving_of_Colleagues_and_thesis_students/Qurratul_thesis_student/Shuvo_bhaiya_to_run_prokka/10_shotgun_hvkp/Prokka_result/NZ_JBAMCA010000030_prokka/NZ_JBAMCA010000030:NZ_JBAMCA010000030.1_21 (length 123)
/home/asus/Desktop/CHRF_Project/Problem_Solving_of_Colleagues_and_thesis_students/Qurratul_thesis_student/Shuvo_bhaiya_to_run_prokka/10_shotgun_hvkp/Prokka_result/NZ_JBAMCA010000030_prokka/NZ_JBAMCA010000030:NZ_JBAMCA010000030.1_22 (length 235)
/home/asus/Desktop/CHRF_Project/Problem_Solving_of_Colleagues_and_thesis_students/Qurratul_thesis_student/Shuvo_bhaiya_to_run_prokka/10_shotgun_hvkp/Prokka_result/NZ_JBAMCA010000030_prokka/NZ_JBAMCA010000030:NZ_JBAMCA010000030.1_23 (length 241)
/home/asus/Desktop/CHRF_Project/Problem_Solving_of_Colleagues_and_thesis_students/Qurratul_thesis_student/Shuvo_bhaiya_to_run_prokka/10_shotgun_hvkp/Prokka_result/NZ_JBAMCA010000030_prokka/NZ_JBAMCA010000030:NZ_JBAMCA010000030.1_24 (length 530)
/home/asus/Desktop/CHRF_Project/Problem_Solving_of_Colleagues_and_thesis_students/Qurratul_thesis_student/Shuvo_bhaiya_to_run_prokka/10_shotgun_hvkp/Prokka_result/NZ_JBAMCA010000030_prokka/NZ_JBAMCA010000030:NZ_JBAMCA010000030.1_25 (length 88)
/home/asus/Desktop/CHRF_Project/Problem_Solving_of_Colleagues_and_thesis_students/Qurratul_thesis_student/Shuvo_bhaiya_to_run_prokka/10_shotgun_hvkp/Prokka_result/NZ_JBAMCA010000030_prokka/NZ_JBAMCA010000030:NZ_JBAMCA010000030.1_26 (length 123)
/home/asus/Desktop/CHRF_Project/Problem_Solving_of_Colleagues_and_thesis_students/Qurratul_thesis_student/Shuvo_bhaiya_to_run_prokka/10_shotgun_hvkp/Prokka_result/NZ_JBAMCA010000030_prokka/NZ_JBAMCA010000030:NZ_JBAMCA010000030.1_27 (length 328)
/home/asus/Desktop/CHRF_Project/Problem_Solving_of_Colleagues_and_thesis_students/Qurratul_thesis_student/Shuvo_bhaiya_to_run_prokka/10_shotgun_hvkp/Prokka_result/NZ_JBAMCA010000030_prokka/NZ_JBAMCA010000030:NZ_JBAMCA010000030.1_28 (length 343)
/home/asus/Desktop/CHRF_Project/Problem_Solving_of_Colleagues_and_thesis_students/Qurratul_thesis_student/Shuvo_bhaiya_to_run_prokka/10_shotgun_hvkp/Prokka_result/NZ_JBAMCA010000030_prokka/NZ_JBAMCA010000030:NZ_JBAMCA010000030.1_29 (length 329)
/home/asus/Desktop/CHRF_Project/Problem_Solving_of_Colleagues_and_thesis_students/Qurratul_thesis_student/Shuvo_bhaiya_to_run_prokka/10_shotgun_hvkp/Prokka_result/NZ_JBAMCA010000030_prokka/NZ_JBAMCA010000030:NZ_JBAMCA010000030.1_30 (length 461)

DiscRep_ALL:DISC_SOURCE_QUALS_ASNDISC::strain (all present, all unique)
DiscRep_SUB:DISC_SOURCE_QUALS_ASNDISC::1 sources have unique values for strain
DiscRep_ALL:DISC_SOURCE_QUALS_ASNDISC::taxname (all present, all unique)
DiscRep_SUB:DISC_SOURCE_QUALS_ASNDISC::1 sources have unique values for taxname
DiscRep_ALL:DISC_FEATURE_COUNT::CDS: 30 present
DiscRep_ALL:DISC_COUNT_NUCLEOTIDES::1 nucleotide Bioseqs are present
/home/asus/Desktop/CHRF_Project/Problem_Solving_of_Colleagues_and_thesis_students/Qurratul_thesis_student/Shuvo_bhaiya_to_run_prokka/10_shotgun_hvkp/Prokka_result/NZ_JBAMCA010000030_prokka/NZ_JBAMCA010000030:NZ_JBAMCA010000030.1 (length 28320)

DiscRep_ALL:FEATURE_LOCATION_CONFLICT::30 features have inconsistent gene locations.
DiscRep_SUB:FEATURE_LOCATION_CONFLICT::Coding region xref gene does not exist
/home/asus/Desktop/CHRF_Project/Problem_Solving_of_Colleagues_and_thesis_students/Qurratul_thesis_student/Shuvo_bhaiya_to_run_prokka/10_shotgun_hvkp/Prokka_result/NZ_JBAMCA010000030_prokka/NZ_JBAMCA010000030:CDS	hypothetical protein	NZ_JBAMCA010000030.1:c956-729	NZ_JBAMCA010000030_00001

DiscRep_SUB:FEATURE_LOCATION_CONFLICT::Coding region xref gene does not exist
/home/asus/Desktop/CHRF_Project/Problem_Solving_of_Colleagues_and_thesis_students/Qurratul_thesis_student/Shuvo_bhaiya_to_run_prokka/10_shotgun_hvkp/Prokka_result/NZ_JBAMCA010000030_prokka/NZ_JBAMCA010000030:CDS	hypothetical protein	NZ_JBAMCA010000030.1:c1269-1039	NZ_JBAMCA010000030_00002

DiscRep_SUB:FEATURE_LOCATION_CONFLICT::Coding region xref gene does not exist
/home/asus/Desktop/CHRF_Project/Problem_Solving_of_Colleagues_and_thesis_students/Qurratul_thesis_student/Shuvo_bhaiya_to_run_prokka/10_shotgun_hvkp/Prokka_result/NZ_JBAMCA010000030_prokka/NZ_JBAMCA010000030:CDS	hypothetical protein	NZ_JBAMCA010000030.1:1373-1648	NZ_JBAMCA010000030_00003

DiscRep_SUB:FEATURE_LOCATION_CONFLICT::Coding region xref gene does not exist
/home/asus/Desktop/CHRF_Project/Problem_Solving_of_Colleagues_and_thesis_students/Qurratul_thesis_student/Shuvo_bhaiya_to_run_prokka/10_shotgun_hvkp/Prokka_result/NZ_JBAMCA010000030_prokka/NZ_JBAMCA010000030:CDS	PTS system glucitol/sorbitol-specific EIIC component	NZ_JBAMCA010000030.1:1761-2282	NZ_JBAMCA010000030_00004

DiscRep_SUB:FEATURE_LOCATION_CONFLICT::Coding region xref gene does not exist
/home/asus/Desktop/CHRF_Project/Problem_Solving_of_Colleagues_and_thesis_students/Qurratul_thesis_student/Shuvo_bhaiya_to_run_prokka/10_shotgun_hvkp/Prokka_result/NZ_JBAMCA010000030_prokka/NZ_JBAMCA010000030:CDS	PTS system glucitol/sorbitol-specific EIIA component	NZ_JBAMCA010000030.1:2279-2653	NZ_JBAMCA010000030_00005

DiscRep_SUB:FEATURE_LOCATION_CONFLICT::Coding region xref gene does not exist
/home/asus/Desktop/CHRF_Project/Problem_Solving_of_Colleagues_and_thesis_students/Qurratul_thesis_student/Shuvo_bhaiya_to_run_prokka/10_shotgun_hvkp/Prokka_result/NZ_JBAMCA010000030_prokka/NZ_JBAMCA010000030:CDS	PTS system glucitol/sorbitol-specific EIIB component	NZ_JBAMCA010000030.1:2650-3630	NZ_JBAMCA010000030_00006

DiscRep_SUB:FEATURE_LOCATION_CONFLICT::Coding region xref gene does not exist
/home/asus/Desktop/CHRF_Project/Problem_Solving_of_Colleagues_and_thesis_students/Qurratul_thesis_student/Shuvo_bhaiya_to_run_prokka/10_shotgun_hvkp/Prokka_result/NZ_JBAMCA010000030_prokka/NZ_JBAMCA010000030:CDS	Myo-inositol 2-dehydrogenase	NZ_JBAMCA010000030.1:3641-4657	NZ_JBAMCA010000030_00007

DiscRep_SUB:FEATURE_LOCATION_CONFLICT::Coding region xref gene does not exist
/home/asus/Desktop/CHRF_Project/Problem_Solving_of_Colleagues_and_thesis_students/Qurratul_thesis_student/Shuvo_bhaiya_to_run_prokka/10_shotgun_hvkp/Prokka_result/NZ_JBAMCA010000030_prokka/NZ_JBAMCA010000030:CDS	hypothetical protein	NZ_JBAMCA010000030.1:c5778-4738	NZ_JBAMCA010000030_00008

DiscRep_SUB:FEATURE_LOCATION_CONFLICT::Coding region xref gene does not exist
/home/asus/Desktop/CHRF_Project/Problem_Solving_of_Colleagues_and_thesis_students/Qurratul_thesis_student/Shuvo_bhaiya_to_run_prokka/10_shotgun_hvkp/Prokka_result/NZ_JBAMCA010000030_prokka/NZ_JBAMCA010000030:CDS	Fimbria adhesin protein	NZ_JBAMCA010000030.1:c6790-5837	NZ_JBAMCA010000030_00009

DiscRep_SUB:FEATURE_LOCATION_CONFLICT::Coding region xref gene does not exist
/home/asus/Desktop/CHRF_Project/Problem_Solving_of_Colleagues_and_thesis_students/Qurratul_thesis_student/Shuvo_bhaiya_to_run_prokka/10_shotgun_hvkp/Prokka_result/NZ_JBAMCA010000030_prokka/NZ_JBAMCA010000030:CDS	putative outer membrane usher protein LpfC'	NZ_JBAMCA010000030.1:c8131-6791	NZ_JBAMCA010000030_00010

DiscRep_SUB:FEATURE_LOCATION_CONFLICT::Coding region xref gene does not exist
/home/asus/Desktop/CHRF_Project/Problem_Solving_of_Colleagues_and_thesis_students/Qurratul_thesis_student/Shuvo_bhaiya_to_run_prokka/10_shotgun_hvkp/Prokka_result/NZ_JBAMCA010000030_prokka/NZ_JBAMCA010000030:CDS	Outer membrane usher protein YraJ	NZ_JBAMCA010000030.1:c9277-8132	NZ_JBAMCA010000030_00011

DiscRep_SUB:FEATURE_LOCATION_CONFLICT::Coding region xref gene does not exist
/home/asus/Desktop/CHRF_Project/Problem_Solving_of_Colleagues_and_thesis_students/Qurratul_thesis_student/Shuvo_bhaiya_to_run_prokka/10_shotgun_hvkp/Prokka_result/NZ_JBAMCA010000030_prokka/NZ_JBAMCA010000030:CDS	putative fimbrial chaperone LpfB	NZ_JBAMCA010000030.1:c9970-9290	NZ_JBAMCA010000030_00012

DiscRep_SUB:FEATURE_LOCATION_CONFLICT::Coding region xref gene does not exist
/home/asus/Desktop/CHRF_Project/Problem_Solving_of_Colleagues_and_thesis_students/Qurratul_thesis_student/Shuvo_bhaiya_to_run_prokka/10_shotgun_hvkp/Prokka_result/NZ_JBAMCA010000030_prokka/NZ_JBAMCA010000030:CDS	putative fimbrial-like protein YcbV	NZ_JBAMCA010000030.1:c10586-10074	NZ_JBAMCA010000030_00013

DiscRep_SUB:FEATURE_LOCATION_CONFLICT::Coding region xref gene does not exist
/home/asus/Desktop/CHRF_Project/Problem_Solving_of_Colleagues_and_thesis_students/Qurratul_thesis_student/Shuvo_bhaiya_to_run_prokka/10_shotgun_hvkp/Prokka_result/NZ_JBAMCA010000030_prokka/NZ_JBAMCA010000030:CDS	ISKra4 family transposase ISCep1	NZ_JBAMCA010000030.1:c11545-10955	NZ_JBAMCA010000030_00014

DiscRep_SUB:FEATURE_LOCATION_CONFLICT::Coding region xref gene does not exist
/home/asus/Desktop/CHRF_Project/Problem_Solving_of_Colleagues_and_thesis_students/Qurratul_thesis_student/Shuvo_bhaiya_to_run_prokka/10_shotgun_hvkp/Prokka_result/NZ_JBAMCA010000030_prokka/NZ_JBAMCA010000030:CDS	hypothetical protein	NZ_JBAMCA010000030.1:11757-12689	NZ_JBAMCA010000030_00015

DiscRep_SUB:FEATURE_LOCATION_CONFLICT::Coding region xref gene does not exist
/home/asus/Desktop/CHRF_Project/Problem_Solving_of_Colleagues_and_thesis_students/Qurratul_thesis_student/Shuvo_bhaiya_to_run_prokka/10_shotgun_hvkp/Prokka_result/NZ_JBAMCA010000030_prokka/NZ_JBAMCA010000030:CDS	hypothetical protein	NZ_JBAMCA010000030.1:12701-14044	NZ_JBAMCA010000030_00016

DiscRep_SUB:FEATURE_LOCATION_CONFLICT::Coding region xref gene does not exist
/home/asus/Desktop/CHRF_Project/Problem_Solving_of_Colleagues_and_thesis_students/Qurratul_thesis_student/Shuvo_bhaiya_to_run_prokka/10_shotgun_hvkp/Prokka_result/NZ_JBAMCA010000030_prokka/NZ_JBAMCA010000030:CDS	hypothetical protein	NZ_JBAMCA010000030.1:14059-15561	NZ_JBAMCA010000030_00017

DiscRep_SUB:FEATURE_LOCATION_CONFLICT::Coding region xref gene does not exist
/home/asus/Desktop/CHRF_Project/Problem_Solving_of_Colleagues_and_thesis_students/Qurratul_thesis_student/Shuvo_bhaiya_to_run_prokka/10_shotgun_hvkp/Prokka_result/NZ_JBAMCA010000030_prokka/NZ_JBAMCA010000030:CDS	hypothetical protein	NZ_JBAMCA010000030.1:c16312-15650	NZ_JBAMCA010000030_00018

DiscRep_SUB:FEATURE_LOCATION_CONFLICT::Coding region xref gene does not exist
/home/asus/Desktop/CHRF_Project/Problem_Solving_of_Colleagues_and_thesis_students/Qurratul_thesis_student/Shuvo_bhaiya_to_run_prokka/10_shotgun_hvkp/Prokka_result/NZ_JBAMCA010000030_prokka/NZ_JBAMCA010000030:CDS	hypothetical protein	NZ_JBAMCA010000030.1:16638-16928	NZ_JBAMCA010000030_00019

DiscRep_SUB:FEATURE_LOCATION_CONFLICT::Coding region xref gene does not exist
/home/asus/Desktop/CHRF_Project/Problem_Solving_of_Colleagues_and_thesis_students/Qurratul_thesis_student/Shuvo_bhaiya_to_run_prokka/10_shotgun_hvkp/Prokka_result/NZ_JBAMCA010000030_prokka/NZ_JBAMCA010000030:CDS	DNA primase TraC	NZ_JBAMCA010000030.1:16993-17898	NZ_JBAMCA010000030_00020

DiscRep_SUB:FEATURE_LOCATION_CONFLICT::Coding region xref gene does not exist
/home/asus/Desktop/CHRF_Project/Problem_Solving_of_Colleagues_and_thesis_students/Qurratul_thesis_student/Shuvo_bhaiya_to_run_prokka/10_shotgun_hvkp/Prokka_result/NZ_JBAMCA010000030_prokka/NZ_JBAMCA010000030:CDS	hypothetical protein	NZ_JBAMCA010000030.1:17964-18335	NZ_JBAMCA010000030_00021

DiscRep_SUB:FEATURE_LOCATION_CONFLICT::Coding region xref gene does not exist
/home/asus/Desktop/CHRF_Project/Problem_Solving_of_Colleagues_and_thesis_students/Qurratul_thesis_student/Shuvo_bhaiya_to_run_prokka/10_shotgun_hvkp/Prokka_result/NZ_JBAMCA010000030_prokka/NZ_JBAMCA010000030:CDS	hypothetical protein	NZ_JBAMCA010000030.1:c19076-18369	NZ_JBAMCA010000030_00022

DiscRep_SUB:FEATURE_LOCATION_CONFLICT::Coding region xref gene does not exist
/home/asus/Desktop/CHRF_Project/Problem_Solving_of_Colleagues_and_thesis_students/Qurratul_thesis_student/Shuvo_bhaiya_to_run_prokka/10_shotgun_hvkp/Prokka_result/NZ_JBAMCA010000030_prokka/NZ_JBAMCA010000030:CDS	hypothetical protein	NZ_JBAMCA010000030.1:c19788-19063	NZ_JBAMCA010000030_00023

DiscRep_SUB:FEATURE_LOCATION_CONFLICT::Coding region xref gene does not exist
/home/asus/Desktop/CHRF_Project/Problem_Solving_of_Colleagues_and_thesis_students/Qurratul_thesis_student/Shuvo_bhaiya_to_run_prokka/10_shotgun_hvkp/Prokka_result/NZ_JBAMCA010000030_prokka/NZ_JBAMCA010000030:CDS	hypothetical protein	NZ_JBAMCA010000030.1:19998-21590	NZ_JBAMCA010000030_00024

DiscRep_SUB:FEATURE_LOCATION_CONFLICT::Coding region xref gene does not exist
/home/asus/Desktop/CHRF_Project/Problem_Solving_of_Colleagues_and_thesis_students/Qurratul_thesis_student/Shuvo_bhaiya_to_run_prokka/10_shotgun_hvkp/Prokka_result/NZ_JBAMCA010000030_prokka/NZ_JBAMCA010000030:CDS	hypothetical protein	NZ_JBAMCA010000030.1:c22000-21734	NZ_JBAMCA010000030_00025

DiscRep_SUB:FEATURE_LOCATION_CONFLICT::Coding region xref gene does not exist
/home/asus/Desktop/CHRF_Project/Problem_Solving_of_Colleagues_and_thesis_students/Qurratul_thesis_student/Shuvo_bhaiya_to_run_prokka/10_shotgun_hvkp/Prokka_result/NZ_JBAMCA010000030_prokka/NZ_JBAMCA010000030:CDS	hypothetical protein	NZ_JBAMCA010000030.1:22218-22589	NZ_JBAMCA010000030_00026

DiscRep_SUB:FEATURE_LOCATION_CONFLICT::Coding region xref gene does not exist
/home/asus/Desktop/CHRF_Project/Problem_Solving_of_Colleagues_and_thesis_students/Qurratul_thesis_student/Shuvo_bhaiya_to_run_prokka/10_shotgun_hvkp/Prokka_result/NZ_JBAMCA010000030_prokka/NZ_JBAMCA010000030:CDS	hypothetical protein	NZ_JBAMCA010000030.1:23444-24430	NZ_JBAMCA010000030_00027

DiscRep_SUB:FEATURE_LOCATION_CONFLICT::Coding region xref gene does not exist
/home/asus/Desktop/CHRF_Project/Problem_Solving_of_Colleagues_and_thesis_students/Qurratul_thesis_student/Shuvo_bhaiya_to_run_prokka/10_shotgun_hvkp/Prokka_result/NZ_JBAMCA010000030_prokka/NZ_JBAMCA010000030:CDS	hypothetical protein	NZ_JBAMCA010000030.1:24851-25882	NZ_JBAMCA010000030_00028

DiscRep_SUB:FEATURE_LOCATION_CONFLICT::Coding region xref gene does not exist
/home/asus/Desktop/CHRF_Project/Problem_Solving_of_Colleagues_and_thesis_students/Qurratul_thesis_student/Shuvo_bhaiya_to_run_prokka/10_shotgun_hvkp/Prokka_result/NZ_JBAMCA010000030_prokka/NZ_JBAMCA010000030:CDS	hypothetical protein	NZ_JBAMCA010000030.1:25882-26871	NZ_JBAMCA010000030_00029

DiscRep_SUB:FEATURE_LOCATION_CONFLICT::Coding region xref gene does not exist
/home/asus/Desktop/CHRF_Project/Problem_Solving_of_Colleagues_and_thesis_students/Qurratul_thesis_student/Shuvo_bhaiya_to_run_prokka/10_shotgun_hvkp/Prokka_result/NZ_JBAMCA010000030_prokka/NZ_JBAMCA010000030:CDS	ATP-dependent DNA helicase Rep	NZ_JBAMCA010000030.1:26868-28253	NZ_JBAMCA010000030_00030

DiscRep_ALL:DISC_QUALITY_SCORES::Quality scores are missing on all sequences.

DiscRep_ALL:ONCALLER_COMMENT_PRESENT::1 comment descriptors were found (all same)
/home/asus/Desktop/CHRF_Project/Problem_Solving_of_Colleagues_and_thesis_students/Qurratul_thesis_student/Shuvo_bhaiya_to_run_prokka/10_shotgun_hvkp/Prokka_result/NZ_JBAMCA010000030_prokka/NZ_JBAMCA010000030:NZ_JBAMCA010000030.1:Annotated using prokka 1.14.6 from https://github.com/tseemann/prokka

DiscRep_ALL:MISSING_GENOMEASSEMBLY_COMMENTS::1 bioseqs are missing GenomeAssembly structured comments
/home/asus/Desktop/CHRF_Project/Problem_Solving_of_Colleagues_and_thesis_students/Qurratul_thesis_student/Shuvo_bhaiya_to_run_prokka/10_shotgun_hvkp/Prokka_result/NZ_JBAMCA010000030_prokka/NZ_JBAMCA010000030:NZ_JBAMCA010000030.1 (length 28320)

DiscRep_ALL:MOLTYPE_NOT_MRNA::1 molecule types are not set as mRNA.
/home/asus/Desktop/CHRF_Project/Problem_Solving_of_Colleagues_and_thesis_students/Qurratul_thesis_student/Shuvo_bhaiya_to_run_prokka/10_shotgun_hvkp/Prokka_result/NZ_JBAMCA010000030_prokka/NZ_JBAMCA010000030:NZ_JBAMCA010000030.1 (length 28320)

DiscRep_ALL:TECHNIQUE_NOT_TSA::1 technique are not set as TSA
/home/asus/Desktop/CHRF_Project/Problem_Solving_of_Colleagues_and_thesis_students/Qurratul_thesis_student/Shuvo_bhaiya_to_run_prokka/10_shotgun_hvkp/Prokka_result/NZ_JBAMCA010000030_prokka/NZ_JBAMCA010000030:NZ_JBAMCA010000030.1 (length 28320)

DiscRep_ALL:MISSING_STRUCTURED_COMMENT::1 sequences do not include structured comments.
/home/asus/Desktop/CHRF_Project/Problem_Solving_of_Colleagues_and_thesis_students/Qurratul_thesis_student/Shuvo_bhaiya_to_run_prokka/10_shotgun_hvkp/Prokka_result/NZ_JBAMCA010000030_prokka/NZ_JBAMCA010000030:NZ_JBAMCA010000030.1 (length 28320)

DiscRep_ALL:MISSING_PROJECT::31 sequences do not include project.
/home/asus/Desktop/CHRF_Project/Problem_Solving_of_Colleagues_and_thesis_students/Qurratul_thesis_student/Shuvo_bhaiya_to_run_prokka/10_shotgun_hvkp/Prokka_result/NZ_JBAMCA010000030_prokka/NZ_JBAMCA010000030:NZ_JBAMCA010000030.1 (length 28320)
/home/asus/Desktop/CHRF_Project/Problem_Solving_of_Colleagues_and_thesis_students/Qurratul_thesis_student/Shuvo_bhaiya_to_run_prokka/10_shotgun_hvkp/Prokka_result/NZ_JBAMCA010000030_prokka/NZ_JBAMCA010000030:NZ_JBAMCA010000030.1_1 (length 75)
/home/asus/Desktop/CHRF_Project/Problem_Solving_of_Colleagues_and_thesis_students/Qurratul_thesis_student/Shuvo_bhaiya_to_run_prokka/10_shotgun_hvkp/Prokka_result/NZ_JBAMCA010000030_prokka/NZ_JBAMCA010000030:NZ_JBAMCA010000030.1_2 (length 76)
/home/asus/Desktop/CHRF_Project/Problem_Solving_of_Colleagues_and_thesis_students/Qurratul_thesis_student/Shuvo_bhaiya_to_run_prokka/10_shotgun_hvkp/Prokka_result/NZ_JBAMCA010000030_prokka/NZ_JBAMCA010000030:NZ_JBAMCA010000030.1_3 (length 91)
/home/asus/Desktop/CHRF_Project/Problem_Solving_of_Colleagues_and_thesis_students/Qurratul_thesis_student/Shuvo_bhaiya_to_run_prokka/10_shotgun_hvkp/Prokka_result/NZ_JBAMCA010000030_prokka/NZ_JBAMCA010000030:NZ_JBAMCA010000030.1_4 (length 173)
/home/asus/Desktop/CHRF_Project/Problem_Solving_of_Colleagues_and_thesis_students/Qurratul_thesis_student/Shuvo_bhaiya_to_run_prokka/10_shotgun_hvkp/Prokka_result/NZ_JBAMCA010000030_prokka/NZ_JBAMCA010000030:NZ_JBAMCA010000030.1_5 (length 124)
/home/asus/Desktop/CHRF_Project/Problem_Solving_of_Colleagues_and_thesis_students/Qurratul_thesis_student/Shuvo_bhaiya_to_run_prokka/10_shotgun_hvkp/Prokka_result/NZ_JBAMCA010000030_prokka/NZ_JBAMCA010000030:NZ_JBAMCA010000030.1_6 (length 326)
/home/asus/Desktop/CHRF_Project/Problem_Solving_of_Colleagues_and_thesis_students/Qurratul_thesis_student/Shuvo_bhaiya_to_run_prokka/10_shotgun_hvkp/Prokka_result/NZ_JBAMCA010000030_prokka/NZ_JBAMCA010000030:NZ_JBAMCA010000030.1_7 (length 338)
/home/asus/Desktop/CHRF_Project/Problem_Solving_of_Colleagues_and_thesis_students/Qurratul_thesis_student/Shuvo_bhaiya_to_run_prokka/10_shotgun_hvkp/Prokka_result/NZ_JBAMCA010000030_prokka/NZ_JBAMCA010000030:NZ_JBAMCA010000030.1_8 (length 346)
/home/asus/Desktop/CHRF_Project/Problem_Solving_of_Colleagues_and_thesis_students/Qurratul_thesis_student/Shuvo_bhaiya_to_run_prokka/10_shotgun_hvkp/Prokka_result/NZ_JBAMCA010000030_prokka/NZ_JBAMCA010000030:NZ_JBAMCA010000030.1_9 (length 317)
/home/asus/Desktop/CHRF_Project/Problem_Solving_of_Colleagues_and_thesis_students/Qurratul_thesis_student/Shuvo_bhaiya_to_run_prokka/10_shotgun_hvkp/Prokka_result/NZ_JBAMCA010000030_prokka/NZ_JBAMCA010000030:NZ_JBAMCA010000030.1_10 (length 446)
/home/asus/Desktop/CHRF_Project/Problem_Solving_of_Colleagues_and_thesis_students/Qurratul_thesis_student/Shuvo_bhaiya_to_run_prokka/10_shotgun_hvkp/Prokka_result/NZ_JBAMCA010000030_prokka/NZ_JBAMCA010000030:NZ_JBAMCA010000030.1_11 (length 381)
/home/asus/Desktop/CHRF_Project/Problem_Solving_of_Colleagues_and_thesis_students/Qurratul_thesis_student/Shuvo_bhaiya_to_run_prokka/10_shotgun_hvkp/Prokka_result/NZ_JBAMCA010000030_prokka/NZ_JBAMCA010000030:NZ_JBAMCA010000030.1_12 (length 226)
/home/asus/Desktop/CHRF_Project/Problem_Solving_of_Colleagues_and_thesis_students/Qurratul_thesis_student/Shuvo_bhaiya_to_run_prokka/10_shotgun_hvkp/Prokka_result/NZ_JBAMCA010000030_prokka/NZ_JBAMCA010000030:NZ_JBAMCA010000030.1_13 (length 170)
/home/asus/Desktop/CHRF_Project/Problem_Solving_of_Colleagues_and_thesis_students/Qurratul_thesis_student/Shuvo_bhaiya_to_run_prokka/10_shotgun_hvkp/Prokka_result/NZ_JBAMCA010000030_prokka/NZ_JBAMCA010000030:NZ_JBAMCA010000030.1_14 (length 196)
/home/asus/Desktop/CHRF_Project/Problem_Solving_of_Colleagues_and_thesis_students/Qurratul_thesis_student/Shuvo_bhaiya_to_run_prokka/10_shotgun_hvkp/Prokka_result/NZ_JBAMCA010000030_prokka/NZ_JBAMCA010000030:NZ_JBAMCA010000030.1_15 (length 310)
/home/asus/Desktop/CHRF_Project/Problem_Solving_of_Colleagues_and_thesis_students/Qurratul_thesis_student/Shuvo_bhaiya_to_run_prokka/10_shotgun_hvkp/Prokka_result/NZ_JBAMCA010000030_prokka/NZ_JBAMCA010000030:NZ_JBAMCA010000030.1_16 (length 447)
/home/asus/Desktop/CHRF_Project/Problem_Solving_of_Colleagues_and_thesis_students/Qurratul_thesis_student/Shuvo_bhaiya_to_run_prokka/10_shotgun_hvkp/Prokka_result/NZ_JBAMCA010000030_prokka/NZ_JBAMCA010000030:NZ_JBAMCA010000030.1_17 (length 500)
/home/asus/Desktop/CHRF_Project/Problem_Solving_of_Colleagues_and_thesis_students/Qurratul_thesis_student/Shuvo_bhaiya_to_run_prokka/10_shotgun_hvkp/Prokka_result/NZ_JBAMCA010000030_prokka/NZ_JBAMCA010000030:NZ_JBAMCA010000030.1_18 (length 220)
/home/asus/Desktop/CHRF_Project/Problem_Solving_of_Colleagues_and_thesis_students/Qurratul_thesis_student/Shuvo_bhaiya_to_run_prokka/10_shotgun_hvkp/Prokka_result/NZ_JBAMCA010000030_prokka/NZ_JBAMCA010000030:NZ_JBAMCA010000030.1_19 (length 96)
/home/asus/Desktop/CHRF_Project/Problem_Solving_of_Colleagues_and_thesis_students/Qurratul_thesis_student/Shuvo_bhaiya_to_run_prokka/10_shotgun_hvkp/Prokka_result/NZ_JBAMCA010000030_prokka/NZ_JBAMCA010000030:NZ_JBAMCA010000030.1_20 (length 301)
/home/asus/Desktop/CHRF_Project/Problem_Solving_of_Colleagues_and_thesis_students/Qurratul_thesis_student/Shuvo_bhaiya_to_run_prokka/10_shotgun_hvkp/Prokka_result/NZ_JBAMCA010000030_prokka/NZ_JBAMCA010000030:NZ_JBAMCA010000030.1_21 (length 123)
/home/asus/Desktop/CHRF_Project/Problem_Solving_of_Colleagues_and_thesis_students/Qurratul_thesis_student/Shuvo_bhaiya_to_run_prokka/10_shotgun_hvkp/Prokka_result/NZ_JBAMCA010000030_prokka/NZ_JBAMCA010000030:NZ_JBAMCA010000030.1_22 (length 235)
/home/asus/Desktop/CHRF_Project/Problem_Solving_of_Colleagues_and_thesis_students/Qurratul_thesis_student/Shuvo_bhaiya_to_run_prokka/10_shotgun_hvkp/Prokka_result/NZ_JBAMCA010000030_prokka/NZ_JBAMCA010000030:NZ_JBAMCA010000030.1_23 (length 241)
/home/asus/Desktop/CHRF_Project/Problem_Solving_of_Colleagues_and_thesis_students/Qurratul_thesis_student/Shuvo_bhaiya_to_run_prokka/10_shotgun_hvkp/Prokka_result/NZ_JBAMCA010000030_prokka/NZ_JBAMCA010000030:NZ_JBAMCA010000030.1_24 (length 530)
/home/asus/Desktop/CHRF_Project/Problem_Solving_of_Colleagues_and_thesis_students/Qurratul_thesis_student/Shuvo_bhaiya_to_run_prokka/10_shotgun_hvkp/Prokka_result/NZ_JBAMCA010000030_prokka/NZ_JBAMCA010000030:NZ_JBAMCA010000030.1_25 (length 88)
/home/asus/Desktop/CHRF_Project/Problem_Solving_of_Colleagues_and_thesis_students/Qurratul_thesis_student/Shuvo_bhaiya_to_run_prokka/10_shotgun_hvkp/Prokka_result/NZ_JBAMCA010000030_prokka/NZ_JBAMCA010000030:NZ_JBAMCA010000030.1_26 (length 123)
/home/asus/Desktop/CHRF_Project/Problem_Solving_of_Colleagues_and_thesis_students/Qurratul_thesis_student/Shuvo_bhaiya_to_run_prokka/10_shotgun_hvkp/Prokka_result/NZ_JBAMCA010000030_prokka/NZ_JBAMCA010000030:NZ_JBAMCA010000030.1_27 (length 328)
/home/asus/Desktop/CHRF_Project/Problem_Solving_of_Colleagues_and_thesis_students/Qurratul_thesis_student/Shuvo_bhaiya_to_run_prokka/10_shotgun_hvkp/Prokka_result/NZ_JBAMCA010000030_prokka/NZ_JBAMCA010000030:NZ_JBAMCA010000030.1_28 (length 343)
/home/asus/Desktop/CHRF_Project/Problem_Solving_of_Colleagues_and_thesis_students/Qurratul_thesis_student/Shuvo_bhaiya_to_run_prokka/10_shotgun_hvkp/Prokka_result/NZ_JBAMCA010000030_prokka/NZ_JBAMCA010000030:NZ_JBAMCA010000030.1_29 (length 329)
/home/asus/Desktop/CHRF_Project/Problem_Solving_of_Colleagues_and_thesis_students/Qurratul_thesis_student/Shuvo_bhaiya_to_run_prokka/10_shotgun_hvkp/Prokka_result/NZ_JBAMCA010000030_prokka/NZ_JBAMCA010000030:NZ_JBAMCA010000030.1_30 (length 461)

DiscRep_ALL:DISC_INCONSISTENT_MOLINFO_TECH::Molinfo Technique Report (some missing, all same)
DiscRep_SUB:DISC_INCONSISTENT_MOLINFO_TECH::technique (all missing)
DiscRep_SUB:DISC_INCONSISTENT_MOLINFO_TECH::1 Molinfos are missing field technique
/home/asus/Desktop/CHRF_Project/Problem_Solving_of_Colleagues_and_thesis_students/Qurratul_thesis_student/Shuvo_bhaiya_to_run_prokka/10_shotgun_hvkp/Prokka_result/NZ_JBAMCA010000030_prokka/NZ_JBAMCA010000030:NZ_JBAMCA010000030.1 (length 28320)

